The system is: Linux - 5.3.0-46-generic - ppc64le
Compiling the C compiler identification source file "CMakeCCompilerId.c" succeeded.
Compiler: /usr/bin/cc 
Build flags: 
Id flags:  

The output was:
0


Compilation of the C compiler identification source "CMakeCCompilerId.c" produced "a.out"

The C compiler identification is GNU, found in "/home/jk/dev/C++NNFast/mat/bd/CMakeFiles/3.10.2/CompilerIdC/a.out"

Compiling the CXX compiler identification source file "CMakeCXXCompilerId.cpp" succeeded.
Compiler: /usr/bin/c++ 
Build flags: 
Id flags:  

The output was:
0


Compilation of the CXX compiler identification source "CMakeCXXCompilerId.cpp" produced "a.out"

The CXX compiler identification is GNU, found in "/home/jk/dev/C++NNFast/mat/bd/CMakeFiles/3.10.2/CompilerIdCXX/a.out"

Determining if the C compiler works passed with the following output:
Change Dir: /home/jk/dev/C++NNFast/mat/bd/CMakeFiles/CMakeTmp

Run Build Command:"/usr/bin/make" "cmTC_1ce8d/fast"
/usr/bin/make -f CMakeFiles/cmTC_1ce8d.dir/build.make CMakeFiles/cmTC_1ce8d.dir/build
make[1]: Entering directory '/home/jk/dev/C++NNFast/mat/bd/CMakeFiles/CMakeTmp'
Building C object CMakeFiles/cmTC_1ce8d.dir/testCCompiler.c.o
/usr/bin/cc    -o CMakeFiles/cmTC_1ce8d.dir/testCCompiler.c.o   -c /home/jk/dev/C++NNFast/mat/bd/CMakeFiles/CMakeTmp/testCCompiler.c
Linking C executable cmTC_1ce8d
/usr/bin/cmake -E cmake_link_script CMakeFiles/cmTC_1ce8d.dir/link.txt --verbose=1
/usr/bin/cc      -rdynamic CMakeFiles/cmTC_1ce8d.dir/testCCompiler.c.o  -o cmTC_1ce8d 
make[1]: Leaving directory '/home/jk/dev/C++NNFast/mat/bd/CMakeFiles/CMakeTmp'


Detecting C compiler ABI info compiled with the following output:
Change Dir: /home/jk/dev/C++NNFast/mat/bd/CMakeFiles/CMakeTmp

Run Build Command:"/usr/bin/make" "cmTC_62d7b/fast"
/usr/bin/make -f CMakeFiles/cmTC_62d7b.dir/build.make CMakeFiles/cmTC_62d7b.dir/build
make[1]: Entering directory '/home/jk/dev/C++NNFast/mat/bd/CMakeFiles/CMakeTmp'
Building C object CMakeFiles/cmTC_62d7b.dir/CMakeCCompilerABI.c.o
/usr/bin/cc    -o CMakeFiles/cmTC_62d7b.dir/CMakeCCompilerABI.c.o   -c /usr/share/cmake-3.10/Modules/CMakeCCompilerABI.c
Linking C executable cmTC_62d7b
/usr/bin/cmake -E cmake_link_script CMakeFiles/cmTC_62d7b.dir/link.txt --verbose=1
/usr/bin/cc     -v -rdynamic CMakeFiles/cmTC_62d7b.dir/CMakeCCompilerABI.c.o  -o cmTC_62d7b 
Using built-in specs.
COLLECT_GCC=/usr/bin/cc
COLLECT_LTO_WRAPPER=/usr/lib/gcc/powerpc64le-linux-gnu/7/lto-wrapper
Target: powerpc64le-linux-gnu
Configured with: ../src/configure -v --with-pkgversion='Ubuntu 7.5.0-3ubuntu1~18.04' --with-bugurl=file:///usr/share/doc/gcc-7/README.Bugs --enable-languages=c,ada,c++,go,d,fortran,objc,obj-c++ --prefix=/usr --with-gcc-major-version-only --program-suffix=-7 --program-prefix=powerpc64le-linux-gnu- --enable-shared --enable-linker-build-id --libexecdir=/usr/lib --without-included-gettext --enable-threads=posix --libdir=/usr/lib --enable-nls --enable-bootstrap --enable-clocale=gnu --enable-libstdcxx-debug --enable-libstdcxx-time=yes --with-default-libstdcxx-abi=new --enable-gnu-unique-object --disable-libquadmath --disable-libquadmath-support --enable-plugin --enable-default-pie --with-system-zlib --enable-objc-gc=auto --enable-secureplt --with-cpu=power8 --enable-targets=powerpcle-linux --disable-multilib --enable-multiarch --disable-werror --with-long-double-128 --enable-checking=release --build=powerpc64le-linux-gnu --host=powerpc64le-linux-gnu --target=powerpc64le-linux-gnu
Thread model: posix
gcc version 7.5.0 (Ubuntu 7.5.0-3ubuntu1~18.04) 
COMPILER_PATH=/usr/lib/gcc/powerpc64le-linux-gnu/7/:/usr/lib/gcc/powerpc64le-linux-gnu/7/:/usr/lib/gcc/powerpc64le-linux-gnu/:/usr/lib/gcc/powerpc64le-linux-gnu/7/:/usr/lib/gcc/powerpc64le-linux-gnu/
LIBRARY_PATH=/usr/lib/gcc/powerpc64le-linux-gnu/7/:/usr/lib/gcc/powerpc64le-linux-gnu/7/../../../powerpc64le-linux-gnu/:/usr/lib/gcc/powerpc64le-linux-gnu/7/../../../../lib/:/lib/powerpc64le-linux-gnu/:/lib/../lib/:/usr/lib/powerpc64le-linux-gnu/:/usr/lib/../lib/:/usr/lib/gcc/powerpc64le-linux-gnu/7/../../../:/lib/:/usr/lib/
COLLECT_GCC_OPTIONS='-v' '-rdynamic' '-o' 'cmTC_62d7b' '-mcpu=power8'
 /usr/lib/gcc/powerpc64le-linux-gnu/7/collect2 -plugin /usr/lib/gcc/powerpc64le-linux-gnu/7/liblto_plugin.so -plugin-opt=/usr/lib/gcc/powerpc64le-linux-gnu/7/lto-wrapper -plugin-opt=-fresolution=/tmp/ccgWfTb9.res -plugin-opt=-pass-through=-lgcc -plugin-opt=-pass-through=-lgcc_s -plugin-opt=-pass-through=-lc -plugin-opt=-pass-through=-lgcc -plugin-opt=-pass-through=-lgcc_s --build-id --eh-frame-hdr -V -m elf64lppc --hash-style=gnu --as-needed -export-dynamic -dynamic-linker /lib64/ld64.so.2 -pie -z now -z relro -o cmTC_62d7b /usr/lib/gcc/powerpc64le-linux-gnu/7/../../../powerpc64le-linux-gnu/Scrt1.o /usr/lib/gcc/powerpc64le-linux-gnu/7/../../../powerpc64le-linux-gnu/crti.o /usr/lib/gcc/powerpc64le-linux-gnu/7/crtbeginS.o -L/usr/lib/gcc/powerpc64le-linux-gnu/7 -L/usr/lib/gcc/powerpc64le-linux-gnu/7/../../../powerpc64le-linux-gnu -L/usr/lib/gcc/powerpc64le-linux-gnu/7/../../../../lib -L/lib/powerpc64le-linux-gnu -L/lib/../lib -L/usr/lib/powerpc64le-linux-gnu -L/usr/lib/../lib -L/usr/lib/gcc/powerpc64le-linux-gnu/7/../../.. CMakeFiles/cmTC_62d7b.dir/CMakeCCompilerABI.c.o -lgcc --push-state --as-needed -lgcc_s --pop-state -lc -lgcc --push-state --as-needed -lgcc_s --pop-state /usr/lib/gcc/powerpc64le-linux-gnu/7/crtendS.o /usr/lib/gcc/powerpc64le-linux-gnu/7/../../../powerpc64le-linux-gnu/crtn.o
GNU ld (GNU Binutils for Ubuntu) 2.30
  Supported emulations:
   elf64lppc
   elf32lppc
   elf32lppclinux
   elf32lppcsim
   elf64ppc
   elf32ppc
   elf32ppclinux
   elf32ppcsim
COLLECT_GCC_OPTIONS='-v' '-rdynamic' '-o' 'cmTC_62d7b' '-mcpu=power8'
make[1]: Leaving directory '/home/jk/dev/C++NNFast/mat/bd/CMakeFiles/CMakeTmp'


Parsed C implicit link information from above output:
  link line regex: [^( *|.*[/\])(ld|CMAKE_LINK_STARTFILE-NOTFOUND|([^/\]+-)?ld|collect2)[^/\]*( |$)]
  ignore line: [Change Dir: /home/jk/dev/C++NNFast/mat/bd/CMakeFiles/CMakeTmp]
  ignore line: []
  ignore line: [Run Build Command:"/usr/bin/make" "cmTC_62d7b/fast"]
  ignore line: [/usr/bin/make -f CMakeFiles/cmTC_62d7b.dir/build.make CMakeFiles/cmTC_62d7b.dir/build]
  ignore line: [make[1]: Entering directory '/home/jk/dev/C++NNFast/mat/bd/CMakeFiles/CMakeTmp']
  ignore line: [Building C object CMakeFiles/cmTC_62d7b.dir/CMakeCCompilerABI.c.o]
  ignore line: [/usr/bin/cc    -o CMakeFiles/cmTC_62d7b.dir/CMakeCCompilerABI.c.o   -c /usr/share/cmake-3.10/Modules/CMakeCCompilerABI.c]
  ignore line: [Linking C executable cmTC_62d7b]
  ignore line: [/usr/bin/cmake -E cmake_link_script CMakeFiles/cmTC_62d7b.dir/link.txt --verbose=1]
  ignore line: [/usr/bin/cc     -v -rdynamic CMakeFiles/cmTC_62d7b.dir/CMakeCCompilerABI.c.o  -o cmTC_62d7b ]
  ignore line: [Using built-in specs.]
  ignore line: [COLLECT_GCC=/usr/bin/cc]
  ignore line: [COLLECT_LTO_WRAPPER=/usr/lib/gcc/powerpc64le-linux-gnu/7/lto-wrapper]
  ignore line: [Target: powerpc64le-linux-gnu]
  ignore line: [Configured with: ../src/configure -v --with-pkgversion='Ubuntu 7.5.0-3ubuntu1~18.04' --with-bugurl=file:///usr/share/doc/gcc-7/README.Bugs --enable-languages=c,ada,c++,go,d,fortran,objc,obj-c++ --prefix=/usr --with-gcc-major-version-only --program-suffix=-7 --program-prefix=powerpc64le-linux-gnu- --enable-shared --enable-linker-build-id --libexecdir=/usr/lib --without-included-gettext --enable-threads=posix --libdir=/usr/lib --enable-nls --enable-bootstrap --enable-clocale=gnu --enable-libstdcxx-debug --enable-libstdcxx-time=yes --with-default-libstdcxx-abi=new --enable-gnu-unique-object --disable-libquadmath --disable-libquadmath-support --enable-plugin --enable-default-pie --with-system-zlib --enable-objc-gc=auto --enable-secureplt --with-cpu=power8 --enable-targets=powerpcle-linux --disable-multilib --enable-multiarch --disable-werror --with-long-double-128 --enable-checking=release --build=powerpc64le-linux-gnu --host=powerpc64le-linux-gnu --target=powerpc64le-linux-gnu]
  ignore line: [Thread model: posix]
  ignore line: [gcc version 7.5.0 (Ubuntu 7.5.0-3ubuntu1~18.04) ]
  ignore line: [COMPILER_PATH=/usr/lib/gcc/powerpc64le-linux-gnu/7/:/usr/lib/gcc/powerpc64le-linux-gnu/7/:/usr/lib/gcc/powerpc64le-linux-gnu/:/usr/lib/gcc/powerpc64le-linux-gnu/7/:/usr/lib/gcc/powerpc64le-linux-gnu/]
  ignore line: [LIBRARY_PATH=/usr/lib/gcc/powerpc64le-linux-gnu/7/:/usr/lib/gcc/powerpc64le-linux-gnu/7/../../../powerpc64le-linux-gnu/:/usr/lib/gcc/powerpc64le-linux-gnu/7/../../../../lib/:/lib/powerpc64le-linux-gnu/:/lib/../lib/:/usr/lib/powerpc64le-linux-gnu/:/usr/lib/../lib/:/usr/lib/gcc/powerpc64le-linux-gnu/7/../../../:/lib/:/usr/lib/]
  ignore line: [COLLECT_GCC_OPTIONS='-v' '-rdynamic' '-o' 'cmTC_62d7b' '-mcpu=power8']
  link line: [ /usr/lib/gcc/powerpc64le-linux-gnu/7/collect2 -plugin /usr/lib/gcc/powerpc64le-linux-gnu/7/liblto_plugin.so -plugin-opt=/usr/lib/gcc/powerpc64le-linux-gnu/7/lto-wrapper -plugin-opt=-fresolution=/tmp/ccgWfTb9.res -plugin-opt=-pass-through=-lgcc -plugin-opt=-pass-through=-lgcc_s -plugin-opt=-pass-through=-lc -plugin-opt=-pass-through=-lgcc -plugin-opt=-pass-through=-lgcc_s --build-id --eh-frame-hdr -V -m elf64lppc --hash-style=gnu --as-needed -export-dynamic -dynamic-linker /lib64/ld64.so.2 -pie -z now -z relro -o cmTC_62d7b /usr/lib/gcc/powerpc64le-linux-gnu/7/../../../powerpc64le-linux-gnu/Scrt1.o /usr/lib/gcc/powerpc64le-linux-gnu/7/../../../powerpc64le-linux-gnu/crti.o /usr/lib/gcc/powerpc64le-linux-gnu/7/crtbeginS.o -L/usr/lib/gcc/powerpc64le-linux-gnu/7 -L/usr/lib/gcc/powerpc64le-linux-gnu/7/../../../powerpc64le-linux-gnu -L/usr/lib/gcc/powerpc64le-linux-gnu/7/../../../../lib -L/lib/powerpc64le-linux-gnu -L/lib/../lib -L/usr/lib/powerpc64le-linux-gnu -L/usr/lib/../lib -L/usr/lib/gcc/powerpc64le-linux-gnu/7/../../.. CMakeFiles/cmTC_62d7b.dir/CMakeCCompilerABI.c.o -lgcc --push-state --as-needed -lgcc_s --pop-state -lc -lgcc --push-state --as-needed -lgcc_s --pop-state /usr/lib/gcc/powerpc64le-linux-gnu/7/crtendS.o /usr/lib/gcc/powerpc64le-linux-gnu/7/../../../powerpc64le-linux-gnu/crtn.o]
    arg [/usr/lib/gcc/powerpc64le-linux-gnu/7/collect2] ==> ignore
    arg [-plugin] ==> ignore
    arg [/usr/lib/gcc/powerpc64le-linux-gnu/7/liblto_plugin.so] ==> ignore
    arg [-plugin-opt=/usr/lib/gcc/powerpc64le-linux-gnu/7/lto-wrapper] ==> ignore
    arg [-plugin-opt=-fresolution=/tmp/ccgWfTb9.res] ==> ignore
    arg [-plugin-opt=-pass-through=-lgcc] ==> ignore
    arg [-plugin-opt=-pass-through=-lgcc_s] ==> ignore
    arg [-plugin-opt=-pass-through=-lc] ==> ignore
    arg [-plugin-opt=-pass-through=-lgcc] ==> ignore
    arg [-plugin-opt=-pass-through=-lgcc_s] ==> ignore
    arg [--build-id] ==> ignore
    arg [--eh-frame-hdr] ==> ignore
    arg [-V] ==> ignore
    arg [-m] ==> ignore
    arg [elf64lppc] ==> ignore
    arg [--hash-style=gnu] ==> ignore
    arg [--as-needed] ==> ignore
    arg [-export-dynamic] ==> ignore
    arg [-dynamic-linker] ==> ignore
    arg [/lib64/ld64.so.2] ==> ignore
    arg [-pie] ==> ignore
    arg [-znow] ==> ignore
    arg [-zrelro] ==> ignore
    arg [-o] ==> ignore
    arg [cmTC_62d7b] ==> ignore
    arg [/usr/lib/gcc/powerpc64le-linux-gnu/7/../../../powerpc64le-linux-gnu/Scrt1.o] ==> ignore
    arg [/usr/lib/gcc/powerpc64le-linux-gnu/7/../../../powerpc64le-linux-gnu/crti.o] ==> ignore
    arg [/usr/lib/gcc/powerpc64le-linux-gnu/7/crtbeginS.o] ==> ignore
    arg [-L/usr/lib/gcc/powerpc64le-linux-gnu/7] ==> dir [/usr/lib/gcc/powerpc64le-linux-gnu/7]
    arg [-L/usr/lib/gcc/powerpc64le-linux-gnu/7/../../../powerpc64le-linux-gnu] ==> dir [/usr/lib/gcc/powerpc64le-linux-gnu/7/../../../powerpc64le-linux-gnu]
    arg [-L/usr/lib/gcc/powerpc64le-linux-gnu/7/../../../../lib] ==> dir [/usr/lib/gcc/powerpc64le-linux-gnu/7/../../../../lib]
    arg [-L/lib/powerpc64le-linux-gnu] ==> dir [/lib/powerpc64le-linux-gnu]
    arg [-L/lib/../lib] ==> dir [/lib/../lib]
    arg [-L/usr/lib/powerpc64le-linux-gnu] ==> dir [/usr/lib/powerpc64le-linux-gnu]
    arg [-L/usr/lib/../lib] ==> dir [/usr/lib/../lib]
    arg [-L/usr/lib/gcc/powerpc64le-linux-gnu/7/../../..] ==> dir [/usr/lib/gcc/powerpc64le-linux-gnu/7/../../..]
    arg [CMakeFiles/cmTC_62d7b.dir/CMakeCCompilerABI.c.o] ==> ignore
    arg [-lgcc] ==> lib [gcc]
    arg [--push-state] ==> ignore
    arg [--as-needed] ==> ignore
    arg [-lgcc_s] ==> lib [gcc_s]
    arg [--pop-state] ==> ignore
    arg [-lc] ==> lib [c]
    arg [-lgcc] ==> lib [gcc]
    arg [--push-state] ==> ignore
    arg [--as-needed] ==> ignore
    arg [-lgcc_s] ==> lib [gcc_s]
    arg [--pop-state] ==> ignore
    arg [/usr/lib/gcc/powerpc64le-linux-gnu/7/crtendS.o] ==> ignore
    arg [/usr/lib/gcc/powerpc64le-linux-gnu/7/../../../powerpc64le-linux-gnu/crtn.o] ==> ignore
  collapse library dir [/usr/lib/gcc/powerpc64le-linux-gnu/7] ==> [/usr/lib/gcc/powerpc64le-linux-gnu/7]
  collapse library dir [/usr/lib/gcc/powerpc64le-linux-gnu/7/../../../powerpc64le-linux-gnu] ==> [/usr/lib/powerpc64le-linux-gnu]
  collapse library dir [/usr/lib/gcc/powerpc64le-linux-gnu/7/../../../../lib] ==> [/usr/lib]
  collapse library dir [/lib/powerpc64le-linux-gnu] ==> [/lib/powerpc64le-linux-gnu]
  collapse library dir [/lib/../lib] ==> [/lib]
  collapse library dir [/usr/lib/powerpc64le-linux-gnu] ==> [/usr/lib/powerpc64le-linux-gnu]
  collapse library dir [/usr/lib/../lib] ==> [/usr/lib]
  collapse library dir [/usr/lib/gcc/powerpc64le-linux-gnu/7/../../..] ==> [/usr/lib]
  implicit libs: [gcc;gcc_s;c;gcc;gcc_s]
  implicit dirs: [/usr/lib/gcc/powerpc64le-linux-gnu/7;/usr/lib/powerpc64le-linux-gnu;/usr/lib;/lib/powerpc64le-linux-gnu;/lib]
  implicit fwks: []




Detecting C [-std=c11] compiler features compiled with the following output:
Change Dir: /home/jk/dev/C++NNFast/mat/bd/CMakeFiles/CMakeTmp

Run Build Command:"/usr/bin/make" "cmTC_f6674/fast"
/usr/bin/make -f CMakeFiles/cmTC_f6674.dir/build.make CMakeFiles/cmTC_f6674.dir/build
make[1]: Entering directory '/home/jk/dev/C++NNFast/mat/bd/CMakeFiles/CMakeTmp'
Building C object CMakeFiles/cmTC_f6674.dir/feature_tests.c.o
/usr/bin/cc   -std=c11 -o CMakeFiles/cmTC_f6674.dir/feature_tests.c.o   -c /home/jk/dev/C++NNFast/mat/bd/CMakeFiles/feature_tests.c
Linking C executable cmTC_f6674
/usr/bin/cmake -E cmake_link_script CMakeFiles/cmTC_f6674.dir/link.txt --verbose=1
/usr/bin/cc      -rdynamic CMakeFiles/cmTC_f6674.dir/feature_tests.c.o  -o cmTC_f6674 
make[1]: Leaving directory '/home/jk/dev/C++NNFast/mat/bd/CMakeFiles/CMakeTmp'


    Feature record: C_FEATURE:1c_function_prototypes
    Feature record: C_FEATURE:1c_restrict
    Feature record: C_FEATURE:1c_static_assert
    Feature record: C_FEATURE:1c_variadic_macros


Detecting C [-std=c99] compiler features compiled with the following output:
Change Dir: /home/jk/dev/C++NNFast/mat/bd/CMakeFiles/CMakeTmp

Run Build Command:"/usr/bin/make" "cmTC_24cf9/fast"
/usr/bin/make -f CMakeFiles/cmTC_24cf9.dir/build.make CMakeFiles/cmTC_24cf9.dir/build
make[1]: Entering directory '/home/jk/dev/C++NNFast/mat/bd/CMakeFiles/CMakeTmp'
Building C object CMakeFiles/cmTC_24cf9.dir/feature_tests.c.o
/usr/bin/cc   -std=c99 -o CMakeFiles/cmTC_24cf9.dir/feature_tests.c.o   -c /home/jk/dev/C++NNFast/mat/bd/CMakeFiles/feature_tests.c
Linking C executable cmTC_24cf9
/usr/bin/cmake -E cmake_link_script CMakeFiles/cmTC_24cf9.dir/link.txt --verbose=1
/usr/bin/cc      -rdynamic CMakeFiles/cmTC_24cf9.dir/feature_tests.c.o  -o cmTC_24cf9 
make[1]: Leaving directory '/home/jk/dev/C++NNFast/mat/bd/CMakeFiles/CMakeTmp'


    Feature record: C_FEATURE:1c_function_prototypes
    Feature record: C_FEATURE:1c_restrict
    Feature record: C_FEATURE:0c_static_assert
    Feature record: C_FEATURE:1c_variadic_macros


Detecting C [-std=c90] compiler features compiled with the following output:
Change Dir: /home/jk/dev/C++NNFast/mat/bd/CMakeFiles/CMakeTmp

Run Build Command:"/usr/bin/make" "cmTC_00d86/fast"
/usr/bin/make -f CMakeFiles/cmTC_00d86.dir/build.make CMakeFiles/cmTC_00d86.dir/build
make[1]: Entering directory '/home/jk/dev/C++NNFast/mat/bd/CMakeFiles/CMakeTmp'
Building C object CMakeFiles/cmTC_00d86.dir/feature_tests.c.o
/usr/bin/cc   -std=c90 -o CMakeFiles/cmTC_00d86.dir/feature_tests.c.o   -c /home/jk/dev/C++NNFast/mat/bd/CMakeFiles/feature_tests.c
Linking C executable cmTC_00d86
/usr/bin/cmake -E cmake_link_script CMakeFiles/cmTC_00d86.dir/link.txt --verbose=1
/usr/bin/cc      -rdynamic CMakeFiles/cmTC_00d86.dir/feature_tests.c.o  -o cmTC_00d86 
make[1]: Leaving directory '/home/jk/dev/C++NNFast/mat/bd/CMakeFiles/CMakeTmp'


    Feature record: C_FEATURE:1c_function_prototypes
    Feature record: C_FEATURE:0c_restrict
    Feature record: C_FEATURE:0c_static_assert
    Feature record: C_FEATURE:0c_variadic_macros
Determining if the CXX compiler works passed with the following output:
Change Dir: /home/jk/dev/C++NNFast/mat/bd/CMakeFiles/CMakeTmp

Run Build Command:"/usr/bin/make" "cmTC_8f458/fast"
/usr/bin/make -f CMakeFiles/cmTC_8f458.dir/build.make CMakeFiles/cmTC_8f458.dir/build
make[1]: Entering directory '/home/jk/dev/C++NNFast/mat/bd/CMakeFiles/CMakeTmp'
Building CXX object CMakeFiles/cmTC_8f458.dir/testCXXCompiler.cxx.o
/usr/bin/c++     -o CMakeFiles/cmTC_8f458.dir/testCXXCompiler.cxx.o -c /home/jk/dev/C++NNFast/mat/bd/CMakeFiles/CMakeTmp/testCXXCompiler.cxx
Linking CXX executable cmTC_8f458
/usr/bin/cmake -E cmake_link_script CMakeFiles/cmTC_8f458.dir/link.txt --verbose=1
/usr/bin/c++       -rdynamic CMakeFiles/cmTC_8f458.dir/testCXXCompiler.cxx.o  -o cmTC_8f458 
make[1]: Leaving directory '/home/jk/dev/C++NNFast/mat/bd/CMakeFiles/CMakeTmp'


Detecting CXX compiler ABI info compiled with the following output:
Change Dir: /home/jk/dev/C++NNFast/mat/bd/CMakeFiles/CMakeTmp

Run Build Command:"/usr/bin/make" "cmTC_10a2c/fast"
/usr/bin/make -f CMakeFiles/cmTC_10a2c.dir/build.make CMakeFiles/cmTC_10a2c.dir/build
make[1]: Entering directory '/home/jk/dev/C++NNFast/mat/bd/CMakeFiles/CMakeTmp'
Building CXX object CMakeFiles/cmTC_10a2c.dir/CMakeCXXCompilerABI.cpp.o
/usr/bin/c++     -o CMakeFiles/cmTC_10a2c.dir/CMakeCXXCompilerABI.cpp.o -c /usr/share/cmake-3.10/Modules/CMakeCXXCompilerABI.cpp
Linking CXX executable cmTC_10a2c
/usr/bin/cmake -E cmake_link_script CMakeFiles/cmTC_10a2c.dir/link.txt --verbose=1
/usr/bin/c++      -v -rdynamic CMakeFiles/cmTC_10a2c.dir/CMakeCXXCompilerABI.cpp.o  -o cmTC_10a2c 
Using built-in specs.
COLLECT_GCC=/usr/bin/c++
COLLECT_LTO_WRAPPER=/usr/lib/gcc/powerpc64le-linux-gnu/7/lto-wrapper
Target: powerpc64le-linux-gnu
Configured with: ../src/configure -v --with-pkgversion='Ubuntu 7.5.0-3ubuntu1~18.04' --with-bugurl=file:///usr/share/doc/gcc-7/README.Bugs --enable-languages=c,ada,c++,go,d,fortran,objc,obj-c++ --prefix=/usr --with-gcc-major-version-only --program-suffix=-7 --program-prefix=powerpc64le-linux-gnu- --enable-shared --enable-linker-build-id --libexecdir=/usr/lib --without-included-gettext --enable-threads=posix --libdir=/usr/lib --enable-nls --enable-bootstrap --enable-clocale=gnu --enable-libstdcxx-debug --enable-libstdcxx-time=yes --with-default-libstdcxx-abi=new --enable-gnu-unique-object --disable-libquadmath --disable-libquadmath-support --enable-plugin --enable-default-pie --with-system-zlib --enable-objc-gc=auto --enable-secureplt --with-cpu=power8 --enable-targets=powerpcle-linux --disable-multilib --enable-multiarch --disable-werror --with-long-double-128 --enable-checking=release --build=powerpc64le-linux-gnu --host=powerpc64le-linux-gnu --target=powerpc64le-linux-gnu
Thread model: posix
gcc version 7.5.0 (Ubuntu 7.5.0-3ubuntu1~18.04) 
COMPILER_PATH=/usr/lib/gcc/powerpc64le-linux-gnu/7/:/usr/lib/gcc/powerpc64le-linux-gnu/7/:/usr/lib/gcc/powerpc64le-linux-gnu/:/usr/lib/gcc/powerpc64le-linux-gnu/7/:/usr/lib/gcc/powerpc64le-linux-gnu/
LIBRARY_PATH=/usr/lib/gcc/powerpc64le-linux-gnu/7/:/usr/lib/gcc/powerpc64le-linux-gnu/7/../../../powerpc64le-linux-gnu/:/usr/lib/gcc/powerpc64le-linux-gnu/7/../../../../lib/:/lib/powerpc64le-linux-gnu/:/lib/../lib/:/usr/lib/powerpc64le-linux-gnu/:/usr/lib/../lib/:/usr/lib/gcc/powerpc64le-linux-gnu/7/../../../:/lib/:/usr/lib/
COLLECT_GCC_OPTIONS='-v' '-rdynamic' '-o' 'cmTC_10a2c' '-shared-libgcc' '-mcpu=power8'
 /usr/lib/gcc/powerpc64le-linux-gnu/7/collect2 -plugin /usr/lib/gcc/powerpc64le-linux-gnu/7/liblto_plugin.so -plugin-opt=/usr/lib/gcc/powerpc64le-linux-gnu/7/lto-wrapper -plugin-opt=-fresolution=/tmp/ccaLLe6z.res -plugin-opt=-pass-through=-lgcc_s -plugin-opt=-pass-through=-lgcc -plugin-opt=-pass-through=-lc -plugin-opt=-pass-through=-lgcc_s -plugin-opt=-pass-through=-lgcc --build-id --eh-frame-hdr -V -m elf64lppc --hash-style=gnu --as-needed -export-dynamic -dynamic-linker /lib64/ld64.so.2 -pie -z now -z relro -o cmTC_10a2c /usr/lib/gcc/powerpc64le-linux-gnu/7/../../../powerpc64le-linux-gnu/Scrt1.o /usr/lib/gcc/powerpc64le-linux-gnu/7/../../../powerpc64le-linux-gnu/crti.o /usr/lib/gcc/powerpc64le-linux-gnu/7/crtbeginS.o -L/usr/lib/gcc/powerpc64le-linux-gnu/7 -L/usr/lib/gcc/powerpc64le-linux-gnu/7/../../../powerpc64le-linux-gnu -L/usr/lib/gcc/powerpc64le-linux-gnu/7/../../../../lib -L/lib/powerpc64le-linux-gnu -L/lib/../lib -L/usr/lib/powerpc64le-linux-gnu -L/usr/lib/../lib -L/usr/lib/gcc/powerpc64le-linux-gnu/7/../../.. CMakeFiles/cmTC_10a2c.dir/CMakeCXXCompilerABI.cpp.o -lstdc++ -lm -lgcc_s -lgcc -lc -lgcc_s -lgcc /usr/lib/gcc/powerpc64le-linux-gnu/7/crtendS.o /usr/lib/gcc/powerpc64le-linux-gnu/7/../../../powerpc64le-linux-gnu/crtn.o
GNU ld (GNU Binutils for Ubuntu) 2.30
  Supported emulations:
   elf64lppc
   elf32lppc
   elf32lppclinux
   elf32lppcsim
   elf64ppc
   elf32ppc
   elf32ppclinux
   elf32ppcsim
COLLECT_GCC_OPTIONS='-v' '-rdynamic' '-o' 'cmTC_10a2c' '-shared-libgcc' '-mcpu=power8'
make[1]: Leaving directory '/home/jk/dev/C++NNFast/mat/bd/CMakeFiles/CMakeTmp'


Parsed CXX implicit link information from above output:
  link line regex: [^( *|.*[/\])(ld|CMAKE_LINK_STARTFILE-NOTFOUND|([^/\]+-)?ld|collect2)[^/\]*( |$)]
  ignore line: [Change Dir: /home/jk/dev/C++NNFast/mat/bd/CMakeFiles/CMakeTmp]
  ignore line: []
  ignore line: [Run Build Command:"/usr/bin/make" "cmTC_10a2c/fast"]
  ignore line: [/usr/bin/make -f CMakeFiles/cmTC_10a2c.dir/build.make CMakeFiles/cmTC_10a2c.dir/build]
  ignore line: [make[1]: Entering directory '/home/jk/dev/C++NNFast/mat/bd/CMakeFiles/CMakeTmp']
  ignore line: [Building CXX object CMakeFiles/cmTC_10a2c.dir/CMakeCXXCompilerABI.cpp.o]
  ignore line: [/usr/bin/c++     -o CMakeFiles/cmTC_10a2c.dir/CMakeCXXCompilerABI.cpp.o -c /usr/share/cmake-3.10/Modules/CMakeCXXCompilerABI.cpp]
  ignore line: [Linking CXX executable cmTC_10a2c]
  ignore line: [/usr/bin/cmake -E cmake_link_script CMakeFiles/cmTC_10a2c.dir/link.txt --verbose=1]
  ignore line: [/usr/bin/c++      -v -rdynamic CMakeFiles/cmTC_10a2c.dir/CMakeCXXCompilerABI.cpp.o  -o cmTC_10a2c ]
  ignore line: [Using built-in specs.]
  ignore line: [COLLECT_GCC=/usr/bin/c++]
  ignore line: [COLLECT_LTO_WRAPPER=/usr/lib/gcc/powerpc64le-linux-gnu/7/lto-wrapper]
  ignore line: [Target: powerpc64le-linux-gnu]
  ignore line: [Configured with: ../src/configure -v --with-pkgversion='Ubuntu 7.5.0-3ubuntu1~18.04' --with-bugurl=file:///usr/share/doc/gcc-7/README.Bugs --enable-languages=c,ada,c++,go,d,fortran,objc,obj-c++ --prefix=/usr --with-gcc-major-version-only --program-suffix=-7 --program-prefix=powerpc64le-linux-gnu- --enable-shared --enable-linker-build-id --libexecdir=/usr/lib --without-included-gettext --enable-threads=posix --libdir=/usr/lib --enable-nls --enable-bootstrap --enable-clocale=gnu --enable-libstdcxx-debug --enable-libstdcxx-time=yes --with-default-libstdcxx-abi=new --enable-gnu-unique-object --disable-libquadmath --disable-libquadmath-support --enable-plugin --enable-default-pie --with-system-zlib --enable-objc-gc=auto --enable-secureplt --with-cpu=power8 --enable-targets=powerpcle-linux --disable-multilib --enable-multiarch --disable-werror --with-long-double-128 --enable-checking=release --build=powerpc64le-linux-gnu --host=powerpc64le-linux-gnu --target=powerpc64le-linux-gnu]
  ignore line: [Thread model: posix]
  ignore line: [gcc version 7.5.0 (Ubuntu 7.5.0-3ubuntu1~18.04) ]
  ignore line: [COMPILER_PATH=/usr/lib/gcc/powerpc64le-linux-gnu/7/:/usr/lib/gcc/powerpc64le-linux-gnu/7/:/usr/lib/gcc/powerpc64le-linux-gnu/:/usr/lib/gcc/powerpc64le-linux-gnu/7/:/usr/lib/gcc/powerpc64le-linux-gnu/]
  ignore line: [LIBRARY_PATH=/usr/lib/gcc/powerpc64le-linux-gnu/7/:/usr/lib/gcc/powerpc64le-linux-gnu/7/../../../powerpc64le-linux-gnu/:/usr/lib/gcc/powerpc64le-linux-gnu/7/../../../../lib/:/lib/powerpc64le-linux-gnu/:/lib/../lib/:/usr/lib/powerpc64le-linux-gnu/:/usr/lib/../lib/:/usr/lib/gcc/powerpc64le-linux-gnu/7/../../../:/lib/:/usr/lib/]
  ignore line: [COLLECT_GCC_OPTIONS='-v' '-rdynamic' '-o' 'cmTC_10a2c' '-shared-libgcc' '-mcpu=power8']
  link line: [ /usr/lib/gcc/powerpc64le-linux-gnu/7/collect2 -plugin /usr/lib/gcc/powerpc64le-linux-gnu/7/liblto_plugin.so -plugin-opt=/usr/lib/gcc/powerpc64le-linux-gnu/7/lto-wrapper -plugin-opt=-fresolution=/tmp/ccaLLe6z.res -plugin-opt=-pass-through=-lgcc_s -plugin-opt=-pass-through=-lgcc -plugin-opt=-pass-through=-lc -plugin-opt=-pass-through=-lgcc_s -plugin-opt=-pass-through=-lgcc --build-id --eh-frame-hdr -V -m elf64lppc --hash-style=gnu --as-needed -export-dynamic -dynamic-linker /lib64/ld64.so.2 -pie -z now -z relro -o cmTC_10a2c /usr/lib/gcc/powerpc64le-linux-gnu/7/../../../powerpc64le-linux-gnu/Scrt1.o /usr/lib/gcc/powerpc64le-linux-gnu/7/../../../powerpc64le-linux-gnu/crti.o /usr/lib/gcc/powerpc64le-linux-gnu/7/crtbeginS.o -L/usr/lib/gcc/powerpc64le-linux-gnu/7 -L/usr/lib/gcc/powerpc64le-linux-gnu/7/../../../powerpc64le-linux-gnu -L/usr/lib/gcc/powerpc64le-linux-gnu/7/../../../../lib -L/lib/powerpc64le-linux-gnu -L/lib/../lib -L/usr/lib/powerpc64le-linux-gnu -L/usr/lib/../lib -L/usr/lib/gcc/powerpc64le-linux-gnu/7/../../.. CMakeFiles/cmTC_10a2c.dir/CMakeCXXCompilerABI.cpp.o -lstdc++ -lm -lgcc_s -lgcc -lc -lgcc_s -lgcc /usr/lib/gcc/powerpc64le-linux-gnu/7/crtendS.o /usr/lib/gcc/powerpc64le-linux-gnu/7/../../../powerpc64le-linux-gnu/crtn.o]
    arg [/usr/lib/gcc/powerpc64le-linux-gnu/7/collect2] ==> ignore
    arg [-plugin] ==> ignore
    arg [/usr/lib/gcc/powerpc64le-linux-gnu/7/liblto_plugin.so] ==> ignore
    arg [-plugin-opt=/usr/lib/gcc/powerpc64le-linux-gnu/7/lto-wrapper] ==> ignore
    arg [-plugin-opt=-fresolution=/tmp/ccaLLe6z.res] ==> ignore
    arg [-plugin-opt=-pass-through=-lgcc_s] ==> ignore
    arg [-plugin-opt=-pass-through=-lgcc] ==> ignore
    arg [-plugin-opt=-pass-through=-lc] ==> ignore
    arg [-plugin-opt=-pass-through=-lgcc_s] ==> ignore
    arg [-plugin-opt=-pass-through=-lgcc] ==> ignore
    arg [--build-id] ==> ignore
    arg [--eh-frame-hdr] ==> ignore
    arg [-V] ==> ignore
    arg [-m] ==> ignore
    arg [elf64lppc] ==> ignore
    arg [--hash-style=gnu] ==> ignore
    arg [--as-needed] ==> ignore
    arg [-export-dynamic] ==> ignore
    arg [-dynamic-linker] ==> ignore
    arg [/lib64/ld64.so.2] ==> ignore
    arg [-pie] ==> ignore
    arg [-znow] ==> ignore
    arg [-zrelro] ==> ignore
    arg [-o] ==> ignore
    arg [cmTC_10a2c] ==> ignore
    arg [/usr/lib/gcc/powerpc64le-linux-gnu/7/../../../powerpc64le-linux-gnu/Scrt1.o] ==> ignore
    arg [/usr/lib/gcc/powerpc64le-linux-gnu/7/../../../powerpc64le-linux-gnu/crti.o] ==> ignore
    arg [/usr/lib/gcc/powerpc64le-linux-gnu/7/crtbeginS.o] ==> ignore
    arg [-L/usr/lib/gcc/powerpc64le-linux-gnu/7] ==> dir [/usr/lib/gcc/powerpc64le-linux-gnu/7]
    arg [-L/usr/lib/gcc/powerpc64le-linux-gnu/7/../../../powerpc64le-linux-gnu] ==> dir [/usr/lib/gcc/powerpc64le-linux-gnu/7/../../../powerpc64le-linux-gnu]
    arg [-L/usr/lib/gcc/powerpc64le-linux-gnu/7/../../../../lib] ==> dir [/usr/lib/gcc/powerpc64le-linux-gnu/7/../../../../lib]
    arg [-L/lib/powerpc64le-linux-gnu] ==> dir [/lib/powerpc64le-linux-gnu]
    arg [-L/lib/../lib] ==> dir [/lib/../lib]
    arg [-L/usr/lib/powerpc64le-linux-gnu] ==> dir [/usr/lib/powerpc64le-linux-gnu]
    arg [-L/usr/lib/../lib] ==> dir [/usr/lib/../lib]
    arg [-L/usr/lib/gcc/powerpc64le-linux-gnu/7/../../..] ==> dir [/usr/lib/gcc/powerpc64le-linux-gnu/7/../../..]
    arg [CMakeFiles/cmTC_10a2c.dir/CMakeCXXCompilerABI.cpp.o] ==> ignore
    arg [-lstdc++] ==> lib [stdc++]
    arg [-lm] ==> lib [m]
    arg [-lgcc_s] ==> lib [gcc_s]
    arg [-lgcc] ==> lib [gcc]
    arg [-lc] ==> lib [c]
    arg [-lgcc_s] ==> lib [gcc_s]
    arg [-lgcc] ==> lib [gcc]
    arg [/usr/lib/gcc/powerpc64le-linux-gnu/7/crtendS.o] ==> ignore
    arg [/usr/lib/gcc/powerpc64le-linux-gnu/7/../../../powerpc64le-linux-gnu/crtn.o] ==> ignore
  collapse library dir [/usr/lib/gcc/powerpc64le-linux-gnu/7] ==> [/usr/lib/gcc/powerpc64le-linux-gnu/7]
  collapse library dir [/usr/lib/gcc/powerpc64le-linux-gnu/7/../../../powerpc64le-linux-gnu] ==> [/usr/lib/powerpc64le-linux-gnu]
  collapse library dir [/usr/lib/gcc/powerpc64le-linux-gnu/7/../../../../lib] ==> [/usr/lib]
  collapse library dir [/lib/powerpc64le-linux-gnu] ==> [/lib/powerpc64le-linux-gnu]
  collapse library dir [/lib/../lib] ==> [/lib]
  collapse library dir [/usr/lib/powerpc64le-linux-gnu] ==> [/usr/lib/powerpc64le-linux-gnu]
  collapse library dir [/usr/lib/../lib] ==> [/usr/lib]
  collapse library dir [/usr/lib/gcc/powerpc64le-linux-gnu/7/../../..] ==> [/usr/lib]
  implicit libs: [stdc++;m;gcc_s;gcc;c;gcc_s;gcc]
  implicit dirs: [/usr/lib/gcc/powerpc64le-linux-gnu/7;/usr/lib/powerpc64le-linux-gnu;/usr/lib;/lib/powerpc64le-linux-gnu;/lib]
  implicit fwks: []




Detecting CXX [-std=c++1z] compiler features compiled with the following output:
Change Dir: /home/jk/dev/C++NNFast/mat/bd/CMakeFiles/CMakeTmp

Run Build Command:"/usr/bin/make" "cmTC_66b0a/fast"
/usr/bin/make -f CMakeFiles/cmTC_66b0a.dir/build.make CMakeFiles/cmTC_66b0a.dir/build
make[1]: Entering directory '/home/jk/dev/C++NNFast/mat/bd/CMakeFiles/CMakeTmp'
Building CXX object CMakeFiles/cmTC_66b0a.dir/feature_tests.cxx.o
/usr/bin/c++    -std=c++1z -o CMakeFiles/cmTC_66b0a.dir/feature_tests.cxx.o -c /home/jk/dev/C++NNFast/mat/bd/CMakeFiles/feature_tests.cxx
Linking CXX executable cmTC_66b0a
/usr/bin/cmake -E cmake_link_script CMakeFiles/cmTC_66b0a.dir/link.txt --verbose=1
/usr/bin/c++       -rdynamic CMakeFiles/cmTC_66b0a.dir/feature_tests.cxx.o  -o cmTC_66b0a 
make[1]: Leaving directory '/home/jk/dev/C++NNFast/mat/bd/CMakeFiles/CMakeTmp'


    Feature record: CXX_FEATURE:1cxx_aggregate_default_initializers
    Feature record: CXX_FEATURE:1cxx_alias_templates
    Feature record: CXX_FEATURE:1cxx_alignas
    Feature record: CXX_FEATURE:1cxx_alignof
    Feature record: CXX_FEATURE:1cxx_attributes
    Feature record: CXX_FEATURE:1cxx_attribute_deprecated
    Feature record: CXX_FEATURE:1cxx_auto_type
    Feature record: CXX_FEATURE:1cxx_binary_literals
    Feature record: CXX_FEATURE:1cxx_constexpr
    Feature record: CXX_FEATURE:1cxx_contextual_conversions
    Feature record: CXX_FEATURE:1cxx_decltype
    Feature record: CXX_FEATURE:1cxx_decltype_auto
    Feature record: CXX_FEATURE:1cxx_decltype_incomplete_return_types
    Feature record: CXX_FEATURE:1cxx_default_function_template_args
    Feature record: CXX_FEATURE:1cxx_defaulted_functions
    Feature record: CXX_FEATURE:1cxx_defaulted_move_initializers
    Feature record: CXX_FEATURE:1cxx_delegating_constructors
    Feature record: CXX_FEATURE:1cxx_deleted_functions
    Feature record: CXX_FEATURE:1cxx_digit_separators
    Feature record: CXX_FEATURE:1cxx_enum_forward_declarations
    Feature record: CXX_FEATURE:1cxx_explicit_conversions
    Feature record: CXX_FEATURE:1cxx_extended_friend_declarations
    Feature record: CXX_FEATURE:1cxx_extern_templates
    Feature record: CXX_FEATURE:1cxx_final
    Feature record: CXX_FEATURE:1cxx_func_identifier
    Feature record: CXX_FEATURE:1cxx_generalized_initializers
    Feature record: CXX_FEATURE:1cxx_generic_lambdas
    Feature record: CXX_FEATURE:1cxx_inheriting_constructors
    Feature record: CXX_FEATURE:1cxx_inline_namespaces
    Feature record: CXX_FEATURE:1cxx_lambdas
    Feature record: CXX_FEATURE:1cxx_lambda_init_captures
    Feature record: CXX_FEATURE:1cxx_local_type_template_args
    Feature record: CXX_FEATURE:1cxx_long_long_type
    Feature record: CXX_FEATURE:1cxx_noexcept
    Feature record: CXX_FEATURE:1cxx_nonstatic_member_init
    Feature record: CXX_FEATURE:1cxx_nullptr
    Feature record: CXX_FEATURE:1cxx_override
    Feature record: CXX_FEATURE:1cxx_range_for
    Feature record: CXX_FEATURE:1cxx_raw_string_literals
    Feature record: CXX_FEATURE:1cxx_reference_qualified_functions
    Feature record: CXX_FEATURE:1cxx_relaxed_constexpr
    Feature record: CXX_FEATURE:1cxx_return_type_deduction
    Feature record: CXX_FEATURE:1cxx_right_angle_brackets
    Feature record: CXX_FEATURE:1cxx_rvalue_references
    Feature record: CXX_FEATURE:1cxx_sizeof_member
    Feature record: CXX_FEATURE:1cxx_static_assert
    Feature record: CXX_FEATURE:1cxx_strong_enums
    Feature record: CXX_FEATURE:1cxx_template_template_parameters
    Feature record: CXX_FEATURE:1cxx_thread_local
    Feature record: CXX_FEATURE:1cxx_trailing_return_types
    Feature record: CXX_FEATURE:1cxx_unicode_literals
    Feature record: CXX_FEATURE:1cxx_uniform_initialization
    Feature record: CXX_FEATURE:1cxx_unrestricted_unions
    Feature record: CXX_FEATURE:1cxx_user_literals
    Feature record: CXX_FEATURE:1cxx_variable_templates
    Feature record: CXX_FEATURE:1cxx_variadic_macros
    Feature record: CXX_FEATURE:1cxx_variadic_templates


Detecting CXX [-std=c++14] compiler features compiled with the following output:
Change Dir: /home/jk/dev/C++NNFast/mat/bd/CMakeFiles/CMakeTmp

Run Build Command:"/usr/bin/make" "cmTC_77ab2/fast"
/usr/bin/make -f CMakeFiles/cmTC_77ab2.dir/build.make CMakeFiles/cmTC_77ab2.dir/build
make[1]: Entering directory '/home/jk/dev/C++NNFast/mat/bd/CMakeFiles/CMakeTmp'
Building CXX object CMakeFiles/cmTC_77ab2.dir/feature_tests.cxx.o
/usr/bin/c++    -std=c++14 -o CMakeFiles/cmTC_77ab2.dir/feature_tests.cxx.o -c /home/jk/dev/C++NNFast/mat/bd/CMakeFiles/feature_tests.cxx
Linking CXX executable cmTC_77ab2
/usr/bin/cmake -E cmake_link_script CMakeFiles/cmTC_77ab2.dir/link.txt --verbose=1
/usr/bin/c++       -rdynamic CMakeFiles/cmTC_77ab2.dir/feature_tests.cxx.o  -o cmTC_77ab2 
make[1]: Leaving directory '/home/jk/dev/C++NNFast/mat/bd/CMakeFiles/CMakeTmp'


    Feature record: CXX_FEATURE:1cxx_aggregate_default_initializers
    Feature record: CXX_FEATURE:1cxx_alias_templates
    Feature record: CXX_FEATURE:1cxx_alignas
    Feature record: CXX_FEATURE:1cxx_alignof
    Feature record: CXX_FEATURE:1cxx_attributes
    Feature record: CXX_FEATURE:1cxx_attribute_deprecated
    Feature record: CXX_FEATURE:1cxx_auto_type
    Feature record: CXX_FEATURE:1cxx_binary_literals
    Feature record: CXX_FEATURE:1cxx_constexpr
    Feature record: CXX_FEATURE:1cxx_contextual_conversions
    Feature record: CXX_FEATURE:1cxx_decltype
    Feature record: CXX_FEATURE:1cxx_decltype_auto
    Feature record: CXX_FEATURE:1cxx_decltype_incomplete_return_types
    Feature record: CXX_FEATURE:1cxx_default_function_template_args
    Feature record: CXX_FEATURE:1cxx_defaulted_functions
    Feature record: CXX_FEATURE:1cxx_defaulted_move_initializers
    Feature record: CXX_FEATURE:1cxx_delegating_constructors
    Feature record: CXX_FEATURE:1cxx_deleted_functions
    Feature record: CXX_FEATURE:1cxx_digit_separators
    Feature record: CXX_FEATURE:1cxx_enum_forward_declarations
    Feature record: CXX_FEATURE:1cxx_explicit_conversions
    Feature record: CXX_FEATURE:1cxx_extended_friend_declarations
    Feature record: CXX_FEATURE:1cxx_extern_templates
    Feature record: CXX_FEATURE:1cxx_final
    Feature record: CXX_FEATURE:1cxx_func_identifier
    Feature record: CXX_FEATURE:1cxx_generalized_initializers
    Feature record: CXX_FEATURE:1cxx_generic_lambdas
    Feature record: CXX_FEATURE:1cxx_inheriting_constructors
    Feature record: CXX_FEATURE:1cxx_inline_namespaces
    Feature record: CXX_FEATURE:1cxx_lambdas
    Feature record: CXX_FEATURE:1cxx_lambda_init_captures
    Feature record: CXX_FEATURE:1cxx_local_type_template_args
    Feature record: CXX_FEATURE:1cxx_long_long_type
    Feature record: CXX_FEATURE:1cxx_noexcept
    Feature record: CXX_FEATURE:1cxx_nonstatic_member_init
    Feature record: CXX_FEATURE:1cxx_nullptr
    Feature record: CXX_FEATURE:1cxx_override
    Feature record: CXX_FEATURE:1cxx_range_for
    Feature record: CXX_FEATURE:1cxx_raw_string_literals
    Feature record: CXX_FEATURE:1cxx_reference_qualified_functions
    Feature record: CXX_FEATURE:1cxx_relaxed_constexpr
    Feature record: CXX_FEATURE:1cxx_return_type_deduction
    Feature record: CXX_FEATURE:1cxx_right_angle_brackets
    Feature record: CXX_FEATURE:1cxx_rvalue_references
    Feature record: CXX_FEATURE:1cxx_sizeof_member
    Feature record: CXX_FEATURE:1cxx_static_assert
    Feature record: CXX_FEATURE:1cxx_strong_enums
    Feature record: CXX_FEATURE:1cxx_template_template_parameters
    Feature record: CXX_FEATURE:1cxx_thread_local
    Feature record: CXX_FEATURE:1cxx_trailing_return_types
    Feature record: CXX_FEATURE:1cxx_unicode_literals
    Feature record: CXX_FEATURE:1cxx_uniform_initialization
    Feature record: CXX_FEATURE:1cxx_unrestricted_unions
    Feature record: CXX_FEATURE:1cxx_user_literals
    Feature record: CXX_FEATURE:1cxx_variable_templates
    Feature record: CXX_FEATURE:1cxx_variadic_macros
    Feature record: CXX_FEATURE:1cxx_variadic_templates


Detecting CXX [-std=c++11] compiler features compiled with the following output:
Change Dir: /home/jk/dev/C++NNFast/mat/bd/CMakeFiles/CMakeTmp

Run Build Command:"/usr/bin/make" "cmTC_243ef/fast"
/usr/bin/make -f CMakeFiles/cmTC_243ef.dir/build.make CMakeFiles/cmTC_243ef.dir/build
make[1]: Entering directory '/home/jk/dev/C++NNFast/mat/bd/CMakeFiles/CMakeTmp'
Building CXX object CMakeFiles/cmTC_243ef.dir/feature_tests.cxx.o
/usr/bin/c++    -std=c++11 -o CMakeFiles/cmTC_243ef.dir/feature_tests.cxx.o -c /home/jk/dev/C++NNFast/mat/bd/CMakeFiles/feature_tests.cxx
Linking CXX executable cmTC_243ef
/usr/bin/cmake -E cmake_link_script CMakeFiles/cmTC_243ef.dir/link.txt --verbose=1
/usr/bin/c++       -rdynamic CMakeFiles/cmTC_243ef.dir/feature_tests.cxx.o  -o cmTC_243ef 
make[1]: Leaving directory '/home/jk/dev/C++NNFast/mat/bd/CMakeFiles/CMakeTmp'


    Feature record: CXX_FEATURE:0cxx_aggregate_default_initializers
    Feature record: CXX_FEATURE:1cxx_alias_templates
    Feature record: CXX_FEATURE:1cxx_alignas
    Feature record: CXX_FEATURE:1cxx_alignof
    Feature record: CXX_FEATURE:1cxx_attributes
    Feature record: CXX_FEATURE:0cxx_attribute_deprecated
    Feature record: CXX_FEATURE:1cxx_auto_type
    Feature record: CXX_FEATURE:0cxx_binary_literals
    Feature record: CXX_FEATURE:1cxx_constexpr
    Feature record: CXX_FEATURE:0cxx_contextual_conversions
    Feature record: CXX_FEATURE:1cxx_decltype
    Feature record: CXX_FEATURE:0cxx_decltype_auto
    Feature record: CXX_FEATURE:1cxx_decltype_incomplete_return_types
    Feature record: CXX_FEATURE:1cxx_default_function_template_args
    Feature record: CXX_FEATURE:1cxx_defaulted_functions
    Feature record: CXX_FEATURE:1cxx_defaulted_move_initializers
    Feature record: CXX_FEATURE:1cxx_delegating_constructors
    Feature record: CXX_FEATURE:1cxx_deleted_functions
    Feature record: CXX_FEATURE:0cxx_digit_separators
    Feature record: CXX_FEATURE:1cxx_enum_forward_declarations
    Feature record: CXX_FEATURE:1cxx_explicit_conversions
    Feature record: CXX_FEATURE:1cxx_extended_friend_declarations
    Feature record: CXX_FEATURE:1cxx_extern_templates
    Feature record: CXX_FEATURE:1cxx_final
    Feature record: CXX_FEATURE:1cxx_func_identifier
    Feature record: CXX_FEATURE:1cxx_generalized_initializers
    Feature record: CXX_FEATURE:0cxx_generic_lambdas
    Feature record: CXX_FEATURE:1cxx_inheriting_constructors
    Feature record: CXX_FEATURE:1cxx_inline_namespaces
    Feature record: CXX_FEATURE:1cxx_lambdas
    Feature record: CXX_FEATURE:0cxx_lambda_init_captures
    Feature record: CXX_FEATURE:1cxx_local_type_template_args
    Feature record: CXX_FEATURE:1cxx_long_long_type
    Feature record: CXX_FEATURE:1cxx_noexcept
    Feature record: CXX_FEATURE:1cxx_nonstatic_member_init
    Feature record: CXX_FEATURE:1cxx_nullptr
    Feature record: CXX_FEATURE:1cxx_override
    Feature record: CXX_FEATURE:1cxx_range_for
    Feature record: CXX_FEATURE:1cxx_raw_string_literals
    Feature record: CXX_FEATURE:1cxx_reference_qualified_functions
    Feature record: CXX_FEATURE:0cxx_relaxed_constexpr
    Feature record: CXX_FEATURE:0cxx_return_type_deduction
    Feature record: CXX_FEATURE:1cxx_right_angle_brackets
    Feature record: CXX_FEATURE:1cxx_rvalue_references
    Feature record: CXX_FEATURE:1cxx_sizeof_member
    Feature record: CXX_FEATURE:1cxx_static_assert
    Feature record: CXX_FEATURE:1cxx_strong_enums
    Feature record: CXX_FEATURE:1cxx_template_template_parameters
    Feature record: CXX_FEATURE:1cxx_thread_local
    Feature record: CXX_FEATURE:1cxx_trailing_return_types
    Feature record: CXX_FEATURE:1cxx_unicode_literals
    Feature record: CXX_FEATURE:1cxx_uniform_initialization
    Feature record: CXX_FEATURE:1cxx_unrestricted_unions
    Feature record: CXX_FEATURE:1cxx_user_literals
    Feature record: CXX_FEATURE:0cxx_variable_templates
    Feature record: CXX_FEATURE:1cxx_variadic_macros
    Feature record: CXX_FEATURE:1cxx_variadic_templates


Detecting CXX [-std=c++98] compiler features compiled with the following output:
Change Dir: /home/jk/dev/C++NNFast/mat/bd/CMakeFiles/CMakeTmp

Run Build Command:"/usr/bin/make" "cmTC_7b369/fast"
/usr/bin/make -f CMakeFiles/cmTC_7b369.dir/build.make CMakeFiles/cmTC_7b369.dir/build
make[1]: Entering directory '/home/jk/dev/C++NNFast/mat/bd/CMakeFiles/CMakeTmp'
Building CXX object CMakeFiles/cmTC_7b369.dir/feature_tests.cxx.o
/usr/bin/c++    -std=c++98 -o CMakeFiles/cmTC_7b369.dir/feature_tests.cxx.o -c /home/jk/dev/C++NNFast/mat/bd/CMakeFiles/feature_tests.cxx
Linking CXX executable cmTC_7b369
/usr/bin/cmake -E cmake_link_script CMakeFiles/cmTC_7b369.dir/link.txt --verbose=1
/usr/bin/c++       -rdynamic CMakeFiles/cmTC_7b369.dir/feature_tests.cxx.o  -o cmTC_7b369 
make[1]: Leaving directory '/home/jk/dev/C++NNFast/mat/bd/CMakeFiles/CMakeTmp'


    Feature record: CXX_FEATURE:0cxx_aggregate_default_initializers
    Feature record: CXX_FEATURE:0cxx_alias_templates
    Feature record: CXX_FEATURE:0cxx_alignas
    Feature record: CXX_FEATURE:0cxx_alignof
    Feature record: CXX_FEATURE:0cxx_attributes
    Feature record: CXX_FEATURE:0cxx_attribute_deprecated
    Feature record: CXX_FEATURE:0cxx_auto_type
    Feature record: CXX_FEATURE:0cxx_binary_literals
    Feature record: CXX_FEATURE:0cxx_constexpr
    Feature record: CXX_FEATURE:0cxx_contextual_conversions
    Feature record: CXX_FEATURE:0cxx_decltype
    Feature record: CXX_FEATURE:0cxx_decltype_auto
    Feature record: CXX_FEATURE:0cxx_decltype_incomplete_return_types
    Feature record: CXX_FEATURE:0cxx_default_function_template_args
    Feature record: CXX_FEATURE:0cxx_defaulted_functions
    Feature record: CXX_FEATURE:0cxx_defaulted_move_initializers
    Feature record: CXX_FEATURE:0cxx_delegating_constructors
    Feature record: CXX_FEATURE:0cxx_deleted_functions
    Feature record: CXX_FEATURE:0cxx_digit_separators
    Feature record: CXX_FEATURE:0cxx_enum_forward_declarations
    Feature record: CXX_FEATURE:0cxx_explicit_conversions
    Feature record: CXX_FEATURE:0cxx_extended_friend_declarations
    Feature record: CXX_FEATURE:0cxx_extern_templates
    Feature record: CXX_FEATURE:0cxx_final
    Feature record: CXX_FEATURE:0cxx_func_identifier
    Feature record: CXX_FEATURE:0cxx_generalized_initializers
    Feature record: CXX_FEATURE:0cxx_generic_lambdas
    Feature record: CXX_FEATURE:0cxx_inheriting_constructors
    Feature record: CXX_FEATURE:0cxx_inline_namespaces
    Feature record: CXX_FEATURE:0cxx_lambdas
    Feature record: CXX_FEATURE:0cxx_lambda_init_captures
    Feature record: CXX_FEATURE:0cxx_local_type_template_args
    Feature record: CXX_FEATURE:0cxx_long_long_type
    Feature record: CXX_FEATURE:0cxx_noexcept
    Feature record: CXX_FEATURE:0cxx_nonstatic_member_init
    Feature record: CXX_FEATURE:0cxx_nullptr
    Feature record: CXX_FEATURE:0cxx_override
    Feature record: CXX_FEATURE:0cxx_range_for
    Feature record: CXX_FEATURE:0cxx_raw_string_literals
    Feature record: CXX_FEATURE:0cxx_reference_qualified_functions
    Feature record: CXX_FEATURE:0cxx_relaxed_constexpr
    Feature record: CXX_FEATURE:0cxx_return_type_deduction
    Feature record: CXX_FEATURE:0cxx_right_angle_brackets
    Feature record: CXX_FEATURE:0cxx_rvalue_references
    Feature record: CXX_FEATURE:0cxx_sizeof_member
    Feature record: CXX_FEATURE:0cxx_static_assert
    Feature record: CXX_FEATURE:0cxx_strong_enums
    Feature record: CXX_FEATURE:1cxx_template_template_parameters
    Feature record: CXX_FEATURE:0cxx_thread_local
    Feature record: CXX_FEATURE:0cxx_trailing_return_types
    Feature record: CXX_FEATURE:0cxx_unicode_literals
    Feature record: CXX_FEATURE:0cxx_uniform_initialization
    Feature record: CXX_FEATURE:0cxx_unrestricted_unions
    Feature record: CXX_FEATURE:0cxx_user_literals
    Feature record: CXX_FEATURE:0cxx_variable_templates
    Feature record: CXX_FEATURE:0cxx_variadic_macros
    Feature record: CXX_FEATURE:0cxx_variadic_templates
Compiling the CUDA compiler identification source file "CMakeCUDACompilerId.cu" succeeded.
Compiler: /usr/local/cuda-10.2/bin/nvcc 
Build flags: 
Id flags:  -v;--keep;--keep-dir;tmp

The output was:
0
#$ _NVVM_BRANCH_=nvvm
#$ _SPACE_= 
#$ _CUDART_=cudart
#$ _HERE_=/usr/local/cuda-10.2/bin
#$ _THERE_=/usr/local/cuda-10.2/bin
#$ _TARGET_SIZE_=
#$ _TARGET_DIR_=
#$ _TARGET_DIR_=targets/ppc64le-linux
#$ TOP=/usr/local/cuda-10.2/bin/..
#$ NVVMIR_LIBRARY_DIR=/usr/local/cuda-10.2/bin/../nvvm/libdevice
#$ LD_LIBRARY_PATH=/usr/local/cuda-10.2/bin/../lib::/usr/local/cuda-10.2/lib64
#$ PATH=/usr/local/cuda-10.2/bin/../nvvm/bin:/usr/local/cuda-10.2/bin:/home/jk/.local/bin:/home/jk/bin:/home/jk/anaconda3/bin:/home/jk/anaconda3/condabin:/home/jk/anaconda2/bin:/usr/local/sbin:/usr/local/bin:/usr/sbin:/usr/bin:/sbin:/bin:/usr/games:/usr/local/games:/snap/bin:/usr/local/cuda-10.2/bin
#$ INCLUDES="-I/usr/local/cuda-10.2/bin/../targets/ppc64le-linux/include"  
#$ LIBRARIES=  "-L/usr/local/cuda-10.2/bin/../targets/ppc64le-linux/lib/stubs" "-L/usr/local/cuda-10.2/bin/../targets/ppc64le-linux/lib"
#$ CUDAFE_FLAGS=
#$ PTXAS_FLAGS=
#$ rm tmp/a_dlink.reg.c
#$ gcc -D__CUDA_ARCH__=300 -E -x c++  -DCUDA_DOUBLE_MATH_FUNCTIONS -D__CUDACC__ -D__NVCC__  "-I/usr/local/cuda-10.2/bin/../targets/ppc64le-linux/include"    -D__CUDACC_VER_MAJOR__=10 -D__CUDACC_VER_MINOR__=2 -D__CUDACC_VER_BUILD__=89 -include "cuda_runtime.h" "CMakeCUDACompilerId.cu" -o "tmp/CMakeCUDACompilerId.cpp1.ii" 
#$ cicc --c++14 --gnu_version=70500 --allow_managed --unsigned_chars   -arch compute_30 -m64 -ftz=0 -prec_div=1 -prec_sqrt=1 -fmad=1 --include_file_name "CMakeCUDACompilerId.fatbin.c" -tused -nvvmir-library "/usr/local/cuda-10.2/bin/../nvvm/libdevice/libdevice.10.bc" --gen_module_id_file --module_id_file_name "tmp/CMakeCUDACompilerId.module_id" --orig_src_file_name "CMakeCUDACompilerId.cu" --gen_c_file_name "tmp/CMakeCUDACompilerId.cudafe1.c" --stub_file_name "tmp/CMakeCUDACompilerId.cudafe1.stub.c" --gen_device_file_name "tmp/CMakeCUDACompilerId.cudafe1.gpu"  "tmp/CMakeCUDACompilerId.cpp1.ii" -o "tmp/CMakeCUDACompilerId.ptx"
#$ ptxas -arch=sm_30 -m64  "tmp/CMakeCUDACompilerId.ptx"  -o "tmp/CMakeCUDACompilerId.sm_30.cubin" 
#$ fatbinary --create="tmp/CMakeCUDACompilerId.fatbin" -64 --cicc-cmdline="-ftz=0 -prec_div=1 -prec_sqrt=1 -fmad=1 " "--image3=kind=elf,sm=30,file=tmp/CMakeCUDACompilerId.sm_30.cubin" "--image3=kind=ptx,sm=30,file=tmp/CMakeCUDACompilerId.ptx" --embedded-fatbin="tmp/CMakeCUDACompilerId.fatbin.c" 
#$ gcc -E -x c++ -D__CUDACC__ -D__NVCC__  "-I/usr/local/cuda-10.2/bin/../targets/ppc64le-linux/include"    -D__CUDACC_VER_MAJOR__=10 -D__CUDACC_VER_MINOR__=2 -D__CUDACC_VER_BUILD__=89 -include "cuda_runtime.h" "CMakeCUDACompilerId.cu" -o "tmp/CMakeCUDACompilerId.cpp4.ii" 
#$ cudafe++ --c++14 --gnu_version=70500 --allow_managed --unsigned_chars  --m64 --parse_templates --gen_c_file_name "tmp/CMakeCUDACompilerId.cudafe1.cpp" --stub_file_name "CMakeCUDACompilerId.cudafe1.stub.c" --module_id_file_name "tmp/CMakeCUDACompilerId.module_id" "tmp/CMakeCUDACompilerId.cpp4.ii" 
#$ gcc -D__CUDA_ARCH__=300 -c -x c++  -DCUDA_DOUBLE_MATH_FUNCTIONS "-I/usr/local/cuda-10.2/bin/../targets/ppc64le-linux/include"   "tmp/CMakeCUDACompilerId.cudafe1.cpp" -o "tmp/CMakeCUDACompilerId.o" 
#$ nvlink --arch=sm_30 --register-link-binaries="tmp/a_dlink.reg.c"  -m64   "-L/usr/local/cuda-10.2/bin/../targets/ppc64le-linux/lib/stubs" "-L/usr/local/cuda-10.2/bin/../targets/ppc64le-linux/lib" -cpu-arch=PPC64LE "tmp/CMakeCUDACompilerId.o"  -o "tmp/a_dlink.sm_30.cubin"
#$ fatbinary --create="tmp/a_dlink.fatbin" -64 --cicc-cmdline="-ftz=0 -prec_div=1 -prec_sqrt=1 -fmad=1 " -link "--image3=kind=elf,sm=30,file=tmp/a_dlink.sm_30.cubin" --embedded-fatbin="tmp/a_dlink.fatbin.c" 
#$ gcc -c -x c++ -DFATBINFILE="\"tmp/a_dlink.fatbin.c\"" -DREGISTERLINKBINARYFILE="\"tmp/a_dlink.reg.c\"" -I. -D__NV_EXTRA_INITIALIZATION= -D__NV_EXTRA_FINALIZATION= -D__CUDA_INCLUDE_COMPILER_INTERNAL_HEADERS__  "-I/usr/local/cuda-10.2/bin/../targets/ppc64le-linux/include"    -D__CUDACC_VER_MAJOR__=10 -D__CUDACC_VER_MINOR__=2 -D__CUDACC_VER_BUILD__=89 "/usr/local/cuda-10.2/bin/crt/link.stub" -o "tmp/a_dlink.o" 
#$ g++ -Wl,--start-group "tmp/a_dlink.o" "tmp/CMakeCUDACompilerId.o"   "-L/usr/local/cuda-10.2/bin/../targets/ppc64le-linux/lib/stubs" "-L/usr/local/cuda-10.2/bin/../targets/ppc64le-linux/lib"  -lcudadevrt  -lcudart_static  -lrt -lpthread  -ldl  -Wl,--end-group -o "a.out" 


Compilation of the CUDA compiler identification source "CMakeCUDACompilerId.cu" produced "a.out"

The CUDA compiler identification is NVIDIA, found in "/home/jk/dev/C++NNFast/mat/bd/CMakeFiles/3.10.2/CompilerIdCUDA/a.out"

Parsed CUDA nvcc implicit link information from above output:
  found 'PATH=' string: [/usr/local/cuda-10.2/bin/../nvvm/bin:/usr/local/cuda-10.2/bin:/home/jk/.local/bin:/home/jk/bin:/home/jk/anaconda3/bin:/home/jk/anaconda3/condabin:/home/jk/anaconda2/bin:/usr/local/sbin:/usr/local/bin:/usr/sbin:/usr/bin:/sbin:/bin:/usr/games:/usr/local/games:/snap/bin:/usr/local/cuda-10.2/bin]
  found 'LIBRARIES=' string: ["-L/usr/local/cuda-10.2/bin/../targets/ppc64le-linux/lib/stubs" "-L/usr/local/cuda-10.2/bin/../targets/ppc64le-linux/lib"]
  considering line: [#$ rm tmp/a_dlink.reg.c]
  considering line: [gcc -D__CUDA_ARCH__=300 -E -x c++  -DCUDA_DOUBLE_MATH_FUNCTIONS -D__CUDACC__ -D__NVCC__  "-I/usr/local/cuda-10.2/bin/../targets/ppc64le-linux/include"    -D__CUDACC_VER_MAJOR__=10 -D__CUDACC_VER_MINOR__=2 -D__CUDACC_VER_BUILD__=89 -include "cuda_runtime.h" "CMakeCUDACompilerId.cu" -o "tmp/CMakeCUDACompilerId.cpp1.ii" ]
  considering line: [cicc --c++14 --gnu_version=70500 --allow_managed --unsigned_chars   -arch compute_30 -m64 -ftz=0 -prec_div=1 -prec_sqrt=1 -fmad=1 --include_file_name "CMakeCUDACompilerId.fatbin.c" -tused -nvvmir-library "/usr/local/cuda-10.2/bin/../nvvm/libdevice/libdevice.10.bc" --gen_module_id_file --module_id_file_name "tmp/CMakeCUDACompilerId.module_id" --orig_src_file_name "CMakeCUDACompilerId.cu" --gen_c_file_name "tmp/CMakeCUDACompilerId.cudafe1.c" --stub_file_name "tmp/CMakeCUDACompilerId.cudafe1.stub.c" --gen_device_file_name "tmp/CMakeCUDACompilerId.cudafe1.gpu"  "tmp/CMakeCUDACompilerId.cpp1.ii" -o "tmp/CMakeCUDACompilerId.ptx"]
  considering line: [ptxas -arch=sm_30 -m64  "tmp/CMakeCUDACompilerId.ptx"  -o "tmp/CMakeCUDACompilerId.sm_30.cubin" ]
  considering line: [fatbinary --create="tmp/CMakeCUDACompilerId.fatbin" -64 --cicc-cmdline="-ftz=0 -prec_div=1 -prec_sqrt=1 -fmad=1 " "--image3=kind=elf,sm=30,file=tmp/CMakeCUDACompilerId.sm_30.cubin" "--image3=kind=ptx,sm=30,file=tmp/CMakeCUDACompilerId.ptx" --embedded-fatbin="tmp/CMakeCUDACompilerId.fatbin.c" ]
  considering line: [gcc -E -x c++ -D__CUDACC__ -D__NVCC__  "-I/usr/local/cuda-10.2/bin/../targets/ppc64le-linux/include"    -D__CUDACC_VER_MAJOR__=10 -D__CUDACC_VER_MINOR__=2 -D__CUDACC_VER_BUILD__=89 -include "cuda_runtime.h" "CMakeCUDACompilerId.cu" -o "tmp/CMakeCUDACompilerId.cpp4.ii" ]
  considering line: [cudafe++ --c++14 --gnu_version=70500 --allow_managed --unsigned_chars  --m64 --parse_templates --gen_c_file_name "tmp/CMakeCUDACompilerId.cudafe1.cpp" --stub_file_name "CMakeCUDACompilerId.cudafe1.stub.c" --module_id_file_name "tmp/CMakeCUDACompilerId.module_id" "tmp/CMakeCUDACompilerId.cpp4.ii" ]
  considering line: [gcc -D__CUDA_ARCH__=300 -c -x c++  -DCUDA_DOUBLE_MATH_FUNCTIONS "-I/usr/local/cuda-10.2/bin/../targets/ppc64le-linux/include"   "tmp/CMakeCUDACompilerId.cudafe1.cpp" -o "tmp/CMakeCUDACompilerId.o" ]
  considering line: [nvlink --arch=sm_30 --register-link-binaries="tmp/a_dlink.reg.c"  -m64   "-L/usr/local/cuda-10.2/bin/../targets/ppc64le-linux/lib/stubs" "-L/usr/local/cuda-10.2/bin/../targets/ppc64le-linux/lib" -cpu-arch=PPC64LE "tmp/CMakeCUDACompilerId.o"  -o "tmp/a_dlink.sm_30.cubin"]
    ignoring nvlink line
  considering line: [fatbinary --create="tmp/a_dlink.fatbin" -64 --cicc-cmdline="-ftz=0 -prec_div=1 -prec_sqrt=1 -fmad=1 " -link "--image3=kind=elf,sm=30,file=tmp/a_dlink.sm_30.cubin" --embedded-fatbin="tmp/a_dlink.fatbin.c" ]
  considering line: [gcc -c -x c++ -DFATBINFILE="\"tmp/a_dlink.fatbin.c\"" -DREGISTERLINKBINARYFILE="\"tmp/a_dlink.reg.c\"" -I. -D__NV_EXTRA_INITIALIZATION= -D__NV_EXTRA_FINALIZATION= -D__CUDA_INCLUDE_COMPILER_INTERNAL_HEADERS__  "-I/usr/local/cuda-10.2/bin/../targets/ppc64le-linux/include"    -D__CUDACC_VER_MAJOR__=10 -D__CUDACC_VER_MINOR__=2 -D__CUDACC_VER_BUILD__=89 "/usr/local/cuda-10.2/bin/crt/link.stub" -o "tmp/a_dlink.o" ]
  considering line: [g++ -Wl,--start-group "tmp/a_dlink.o" "tmp/CMakeCUDACompilerId.o"   "-L/usr/local/cuda-10.2/bin/../targets/ppc64le-linux/lib/stubs" "-L/usr/local/cuda-10.2/bin/../targets/ppc64le-linux/lib"  -lcudadevrt  -lcudart_static  -lrt -lpthread  -ldl  -Wl,--end-group -o "a.out" ]
    extracted link line: [g++ -Wl,--start-group "tmp/a_dlink.o" "tmp/CMakeCUDACompilerId.o"   "-L/usr/local/cuda-10.2/bin/../targets/ppc64le-linux/lib/stubs" "-L/usr/local/cuda-10.2/bin/../targets/ppc64le-linux/lib"  -lcudadevrt  -lcudart_static  -lrt -lpthread  -ldl  -Wl,--end-group -o "a.out" ]
  considering line: []
  extracted link launcher name: [g++]
  found link launcher absolute path: [/usr/bin/g++]

  link line regex: [^( *|.*[/\])(ld|CMAKE_LINK_STARTFILE-NOTFOUND|([^/\]+-)?ld|collect2)[^/\]*( |$)]
  link line: [cuda-fake-ld g++ -Wl,--start-group "tmp/a_dlink.o" "tmp/CMakeCUDACompilerId.o"   "-L/usr/local/cuda-10.2/bin/../targets/ppc64le-linux/lib/stubs" "-L/usr/local/cuda-10.2/bin/../targets/ppc64le-linux/lib"  -lcudadevrt  -lcudart_static  -lrt -lpthread  -ldl  -Wl,--end-group -o "a.out" ]
    arg [cuda-fake-ld] ==> ignore
    arg [g++] ==> ignore
    arg [-Wl,--start-group] ==> ignore
    arg [tmp/a_dlink.o] ==> ignore
    arg [tmp/CMakeCUDACompilerId.o] ==> ignore
    arg [-L/usr/local/cuda-10.2/bin/../targets/ppc64le-linux/lib/stubs] ==> dir [/usr/local/cuda-10.2/bin/../targets/ppc64le-linux/lib/stubs]
    arg [-L/usr/local/cuda-10.2/bin/../targets/ppc64le-linux/lib] ==> dir [/usr/local/cuda-10.2/bin/../targets/ppc64le-linux/lib]
    arg [-lcudadevrt] ==> lib [cudadevrt]
    arg [-lcudart_static] ==> lib [cudart_static]
    arg [-lrt] ==> lib [rt]
    arg [-lpthread] ==> lib [pthread]
    arg [-ldl] ==> lib [dl]
    arg [-Wl,--end-group] ==> ignore
    arg [-o] ==> ignore
    arg [a.out] ==> ignore
  collapse library dir [/usr/local/cuda-10.2/bin/../targets/ppc64le-linux/lib/stubs] ==> [/usr/local/cuda-10.2/targets/ppc64le-linux/lib/stubs]
  collapse library dir [/usr/local/cuda-10.2/bin/../targets/ppc64le-linux/lib] ==> [/usr/local/cuda-10.2/targets/ppc64le-linux/lib]
  implicit libs: [cudadevrt;cudart_static;rt;pthread;dl]
  implicit dirs: [/usr/local/cuda-10.2/targets/ppc64le-linux/lib/stubs;/usr/local/cuda-10.2/targets/ppc64le-linux/lib]
  implicit fwks: []


Parsed CUDA nvcc include information from above output:
  found 'PATH=' string: [/usr/local/cuda-10.2/bin/../nvvm/bin:/usr/local/cuda-10.2/bin:/home/jk/.local/bin:/home/jk/bin:/home/jk/anaconda3/bin:/home/jk/anaconda3/condabin:/home/jk/anaconda2/bin:/usr/local/sbin:/usr/local/bin:/usr/sbin:/usr/bin:/sbin:/bin:/usr/games:/usr/local/games:/snap/bin:/usr/local/cuda-10.2/bin]
  found 'LIBRARIES=' string: ["-L/usr/local/cuda-10.2/bin/../targets/ppc64le-linux/lib/stubs" "-L/usr/local/cuda-10.2/bin/../targets/ppc64le-linux/lib"]
  considering line: [#$ rm tmp/a_dlink.reg.c]
  considering line: [gcc -D__CUDA_ARCH__=300 -E -x c++  -DCUDA_DOUBLE_MATH_FUNCTIONS -D__CUDACC__ -D__NVCC__  "-I/usr/local/cuda-10.2/bin/../targets/ppc64le-linux/include"    -D__CUDACC_VER_MAJOR__=10 -D__CUDACC_VER_MINOR__=2 -D__CUDACC_VER_BUILD__=89 -include "cuda_runtime.h" "CMakeCUDACompilerId.cu" -o "tmp/CMakeCUDACompilerId.cpp1.ii" ]
  considering line: [cicc --c++14 --gnu_version=70500 --allow_managed --unsigned_chars   -arch compute_30 -m64 -ftz=0 -prec_div=1 -prec_sqrt=1 -fmad=1 --include_file_name "CMakeCUDACompilerId.fatbin.c" -tused -nvvmir-library "/usr/local/cuda-10.2/bin/../nvvm/libdevice/libdevice.10.bc" --gen_module_id_file --module_id_file_name "tmp/CMakeCUDACompilerId.module_id" --orig_src_file_name "CMakeCUDACompilerId.cu" --gen_c_file_name "tmp/CMakeCUDACompilerId.cudafe1.c" --stub_file_name "tmp/CMakeCUDACompilerId.cudafe1.stub.c" --gen_device_file_name "tmp/CMakeCUDACompilerId.cudafe1.gpu"  "tmp/CMakeCUDACompilerId.cpp1.ii" -o "tmp/CMakeCUDACompilerId.ptx"]
  considering line: [ptxas -arch=sm_30 -m64  "tmp/CMakeCUDACompilerId.ptx"  -o "tmp/CMakeCUDACompilerId.sm_30.cubin" ]
  considering line: [fatbinary --create="tmp/CMakeCUDACompilerId.fatbin" -64 --cicc-cmdline="-ftz=0 -prec_div=1 -prec_sqrt=1 -fmad=1 " "--image3=kind=elf,sm=30,file=tmp/CMakeCUDACompilerId.sm_30.cubin" "--image3=kind=ptx,sm=30,file=tmp/CMakeCUDACompilerId.ptx" --embedded-fatbin="tmp/CMakeCUDACompilerId.fatbin.c" ]
  considering line: [gcc -E -x c++ -D__CUDACC__ -D__NVCC__  "-I/usr/local/cuda-10.2/bin/../targets/ppc64le-linux/include"    -D__CUDACC_VER_MAJOR__=10 -D__CUDACC_VER_MINOR__=2 -D__CUDACC_VER_BUILD__=89 -include "cuda_runtime.h" "CMakeCUDACompilerId.cu" -o "tmp/CMakeCUDACompilerId.cpp4.ii" ]
  considering line: [cudafe++ --c++14 --gnu_version=70500 --allow_managed --unsigned_chars  --m64 --parse_templates --gen_c_file_name "tmp/CMakeCUDACompilerId.cudafe1.cpp" --stub_file_name "CMakeCUDACompilerId.cudafe1.stub.c" --module_id_file_name "tmp/CMakeCUDACompilerId.module_id" "tmp/CMakeCUDACompilerId.cpp4.ii" ]
  considering line: [gcc -D__CUDA_ARCH__=300 -c -x c++  -DCUDA_DOUBLE_MATH_FUNCTIONS "-I/usr/local/cuda-10.2/bin/../targets/ppc64le-linux/include"   "tmp/CMakeCUDACompilerId.cudafe1.cpp" -o "tmp/CMakeCUDACompilerId.o" ]
  considering line: [nvlink --arch=sm_30 --register-link-binaries="tmp/a_dlink.reg.c"  -m64   "-L/usr/local/cuda-10.2/bin/../targets/ppc64le-linux/lib/stubs" "-L/usr/local/cuda-10.2/bin/../targets/ppc64le-linux/lib" -cpu-arch=PPC64LE "tmp/CMakeCUDACompilerId.o"  -o "tmp/a_dlink.sm_30.cubin"]
    ignoring nvlink line
  considering line: [fatbinary --create="tmp/a_dlink.fatbin" -64 --cicc-cmdline="-ftz=0 -prec_div=1 -prec_sqrt=1 -fmad=1 " -link "--image3=kind=elf,sm=30,file=tmp/a_dlink.sm_30.cubin" --embedded-fatbin="tmp/a_dlink.fatbin.c" ]
  considering line: [gcc -c -x c++ -DFATBINFILE="\"tmp/a_dlink.fatbin.c\"" -DREGISTERLINKBINARYFILE="\"tmp/a_dlink.reg.c\"" -I. -D__NV_EXTRA_INITIALIZATION= -D__NV_EXTRA_FINALIZATION= -D__CUDA_INCLUDE_COMPILER_INTERNAL_HEADERS__  "-I/usr/local/cuda-10.2/bin/../targets/ppc64le-linux/include"    -D__CUDACC_VER_MAJOR__=10 -D__CUDACC_VER_MINOR__=2 -D__CUDACC_VER_BUILD__=89 "/usr/local/cuda-10.2/bin/crt/link.stub" -o "tmp/a_dlink.o" ]
  considering line: [g++ -Wl,--start-group "tmp/a_dlink.o" "tmp/CMakeCUDACompilerId.o"   "-L/usr/local/cuda-10.2/bin/../targets/ppc64le-linux/lib/stubs" "-L/usr/local/cuda-10.2/bin/../targets/ppc64le-linux/lib"  -lcudadevrt  -lcudart_static  -lrt -lpthread  -ldl  -Wl,--end-group -o "a.out" ]
    extracted link line: [g++ -Wl,--start-group "tmp/a_dlink.o" "tmp/CMakeCUDACompilerId.o"   "-L/usr/local/cuda-10.2/bin/../targets/ppc64le-linux/lib/stubs" "-L/usr/local/cuda-10.2/bin/../targets/ppc64le-linux/lib"  -lcudadevrt  -lcudart_static  -lrt -lpthread  -ldl  -Wl,--end-group -o "a.out" ]
  considering line: []
  extracted link launcher name: [g++]
  found link launcher absolute path: [/usr/bin/g++]
  found 'INCLUDES=' string: ["-I/usr/local/cuda-10.2/bin/../targets/ppc64le-linux/include"  ]

  link line regex: [^( *|.*[/\])(ld|CMAKE_LINK_STARTFILE-NOTFOUND|([^/\]+-)?ld|collect2)[^/\]*( |$)]
  link line: [cuda-fake-ld g++ -Wl,--start-group "tmp/a_dlink.o" "tmp/CMakeCUDACompilerId.o"   "-L/usr/local/cuda-10.2/bin/../targets/ppc64le-linux/lib/stubs" "-L/usr/local/cuda-10.2/bin/../targets/ppc64le-linux/lib"  -lcudadevrt  -lcudart_static  -lrt -lpthread  -ldl  -Wl,--end-group -o "a.out" ]
    arg [cuda-fake-ld] ==> ignore
    arg [g++] ==> ignore
    arg [-Wl,--start-group] ==> ignore
    arg [tmp/a_dlink.o] ==> ignore
    arg [tmp/CMakeCUDACompilerId.o] ==> ignore
    arg [-L/usr/local/cuda-10.2/bin/../targets/ppc64le-linux/lib/stubs] ==> dir [/usr/local/cuda-10.2/bin/../targets/ppc64le-linux/lib/stubs]
    arg [-L/usr/local/cuda-10.2/bin/../targets/ppc64le-linux/lib] ==> dir [/usr/local/cuda-10.2/bin/../targets/ppc64le-linux/lib]
    arg [-lcudadevrt] ==> lib [cudadevrt]
    arg [-lcudart_static] ==> lib [cudart_static]
    arg [-lrt] ==> lib [rt]
    arg [-lpthread] ==> lib [pthread]
    arg [-ldl] ==> lib [dl]
    arg [-Wl,--end-group] ==> ignore
    arg [-o] ==> ignore
    arg [a.out] ==> ignore
  collapse library dir [/usr/local/cuda-10.2/bin/../targets/ppc64le-linux/lib/stubs] ==> [/usr/local/cuda-10.2/targets/ppc64le-linux/lib/stubs]
  collapse library dir [/usr/local/cuda-10.2/bin/../targets/ppc64le-linux/lib] ==> [/usr/local/cuda-10.2/targets/ppc64le-linux/lib]
  implicit libs: [cudadevrt;cudart_static;rt;pthread;dl]
  implicit dirs: [/usr/local/cuda-10.2/targets/ppc64le-linux/lib/stubs;/usr/local/cuda-10.2/targets/ppc64le-linux/lib]
  implicit fwks: []


Determining if the CUDA compiler works passed with the following output:
Change Dir: /home/jk/dev/C++NNFast/mat/bd/CMakeFiles/CMakeTmp

Run Build Command:"/usr/bin/make" "cmTC_5d8b2/fast"
/usr/bin/make -f CMakeFiles/cmTC_5d8b2.dir/build.make CMakeFiles/cmTC_5d8b2.dir/build
make[1]: Entering directory '/home/jk/dev/C++NNFast/mat/bd/CMakeFiles/CMakeTmp'
Building CUDA object CMakeFiles/cmTC_5d8b2.dir/main.cu.o
/usr/local/cuda-10.2/bin/nvcc     -x cu -c /home/jk/dev/C++NNFast/mat/bd/CMakeFiles/CMakeTmp/main.cu -o CMakeFiles/cmTC_5d8b2.dir/main.cu.o
Linking CUDA device code CMakeFiles/cmTC_5d8b2.dir/cmake_device_link.o
/usr/bin/cmake -E cmake_link_script CMakeFiles/cmTC_5d8b2.dir/dlink.txt --verbose=1
/usr/local/cuda-10.2/bin/nvcc     -Xcompiler=-fPIC -Wno-deprecated-gpu-targets -shared -dlink CMakeFiles/cmTC_5d8b2.dir/main.cu.o -o CMakeFiles/cmTC_5d8b2.dir/cmake_device_link.o 
Linking CUDA executable cmTC_5d8b2
/usr/bin/cmake -E cmake_link_script CMakeFiles/cmTC_5d8b2.dir/link.txt --verbose=1
/usr/bin/g++    CMakeFiles/cmTC_5d8b2.dir/main.cu.o CMakeFiles/cmTC_5d8b2.dir/cmake_device_link.o -o cmTC_5d8b2  -L"/usr/local/cuda-10.2/targets/ppc64le-linux/lib/stubs" -L"/usr/local/cuda-10.2/targets/ppc64le-linux/lib" -lcudadevrt -lcudart_static -lrt -lpthread -ldl
make[1]: Leaving directory '/home/jk/dev/C++NNFast/mat/bd/CMakeFiles/CMakeTmp'


Detecting CUDA compiler ABI info compiled with the following output:
Change Dir: /home/jk/dev/C++NNFast/mat/bd/CMakeFiles/CMakeTmp

Run Build Command:"/usr/bin/make" "cmTC_3bb55/fast"
/usr/bin/make -f CMakeFiles/cmTC_3bb55.dir/build.make CMakeFiles/cmTC_3bb55.dir/build
make[1]: Entering directory '/home/jk/dev/C++NNFast/mat/bd/CMakeFiles/CMakeTmp'
Building CUDA object CMakeFiles/cmTC_3bb55.dir/CMakeCUDACompilerABI.cu.o
/usr/local/cuda-10.2/bin/nvcc     -x cu -c /usr/share/cmake-3.10/Modules/CMakeCUDACompilerABI.cu -o CMakeFiles/cmTC_3bb55.dir/CMakeCUDACompilerABI.cu.o
Linking CUDA device code CMakeFiles/cmTC_3bb55.dir/cmake_device_link.o
/usr/bin/cmake -E cmake_link_script CMakeFiles/cmTC_3bb55.dir/dlink.txt --verbose=1
/usr/local/cuda-10.2/bin/nvcc     -Xcompiler=-fPIC -Wno-deprecated-gpu-targets -shared -dlink CMakeFiles/cmTC_3bb55.dir/CMakeCUDACompilerABI.cu.o -o CMakeFiles/cmTC_3bb55.dir/cmake_device_link.o 
Linking CUDA executable cmTC_3bb55
/usr/bin/cmake -E cmake_link_script CMakeFiles/cmTC_3bb55.dir/link.txt --verbose=1
/usr/bin/g++   -v CMakeFiles/cmTC_3bb55.dir/CMakeCUDACompilerABI.cu.o CMakeFiles/cmTC_3bb55.dir/cmake_device_link.o -o cmTC_3bb55  -L"/usr/local/cuda-10.2/targets/ppc64le-linux/lib/stubs" -L"/usr/local/cuda-10.2/targets/ppc64le-linux/lib" -lcudadevrt -lcudart_static -lrt -lpthread -ldl
Using built-in specs.
COLLECT_GCC=/usr/bin/g++
COLLECT_LTO_WRAPPER=/usr/lib/gcc/powerpc64le-linux-gnu/7/lto-wrapper
Target: powerpc64le-linux-gnu
Configured with: ../src/configure -v --with-pkgversion='Ubuntu 7.5.0-3ubuntu1~18.04' --with-bugurl=file:///usr/share/doc/gcc-7/README.Bugs --enable-languages=c,ada,c++,go,d,fortran,objc,obj-c++ --prefix=/usr --with-gcc-major-version-only --program-suffix=-7 --program-prefix=powerpc64le-linux-gnu- --enable-shared --enable-linker-build-id --libexecdir=/usr/lib --without-included-gettext --enable-threads=posix --libdir=/usr/lib --enable-nls --enable-bootstrap --enable-clocale=gnu --enable-libstdcxx-debug --enable-libstdcxx-time=yes --with-default-libstdcxx-abi=new --enable-gnu-unique-object --disable-libquadmath --disable-libquadmath-support --enable-plugin --enable-default-pie --with-system-zlib --enable-objc-gc=auto --enable-secureplt --with-cpu=power8 --enable-targets=powerpcle-linux --disable-multilib --enable-multiarch --disable-werror --with-long-double-128 --enable-checking=release --build=powerpc64le-linux-gnu --host=powerpc64le-linux-gnu --target=powerpc64le-linux-gnu
Thread model: posix
gcc version 7.5.0 (Ubuntu 7.5.0-3ubuntu1~18.04) 
COMPILER_PATH=/usr/lib/gcc/powerpc64le-linux-gnu/7/:/usr/lib/gcc/powerpc64le-linux-gnu/7/:/usr/lib/gcc/powerpc64le-linux-gnu/:/usr/lib/gcc/powerpc64le-linux-gnu/7/:/usr/lib/gcc/powerpc64le-linux-gnu/
LIBRARY_PATH=/usr/lib/gcc/powerpc64le-linux-gnu/7/:/usr/lib/gcc/powerpc64le-linux-gnu/7/../../../powerpc64le-linux-gnu/:/usr/lib/gcc/powerpc64le-linux-gnu/7/../../../../lib/:/lib/powerpc64le-linux-gnu/:/lib/../lib/:/usr/lib/powerpc64le-linux-gnu/:/usr/lib/../lib/:/usr/lib/gcc/powerpc64le-linux-gnu/7/../../../:/lib/:/usr/lib/
COLLECT_GCC_OPTIONS='-v' '-o' 'cmTC_3bb55' '-L/usr/local/cuda-10.2/targets/ppc64le-linux/lib/stubs' '-L/usr/local/cuda-10.2/targets/ppc64le-linux/lib' '-shared-libgcc' '-mcpu=power8'
 /usr/lib/gcc/powerpc64le-linux-gnu/7/collect2 -plugin /usr/lib/gcc/powerpc64le-linux-gnu/7/liblto_plugin.so -plugin-opt=/usr/lib/gcc/powerpc64le-linux-gnu/7/lto-wrapper -plugin-opt=-fresolution=/tmp/ccDblgn0.res -plugin-opt=-pass-through=-lgcc_s -plugin-opt=-pass-through=-lgcc -plugin-opt=-pass-through=-lc -plugin-opt=-pass-through=-lgcc_s -plugin-opt=-pass-through=-lgcc --build-id --eh-frame-hdr -V -m elf64lppc --hash-style=gnu --as-needed -dynamic-linker /lib64/ld64.so.2 -pie -z now -z relro -o cmTC_3bb55 /usr/lib/gcc/powerpc64le-linux-gnu/7/../../../powerpc64le-linux-gnu/Scrt1.o /usr/lib/gcc/powerpc64le-linux-gnu/7/../../../powerpc64le-linux-gnu/crti.o /usr/lib/gcc/powerpc64le-linux-gnu/7/crtbeginS.o -L/usr/local/cuda-10.2/targets/ppc64le-linux/lib/stubs -L/usr/local/cuda-10.2/targets/ppc64le-linux/lib -L/usr/lib/gcc/powerpc64le-linux-gnu/7 -L/usr/lib/gcc/powerpc64le-linux-gnu/7/../../../powerpc64le-linux-gnu -L/usr/lib/gcc/powerpc64le-linux-gnu/7/../../../../lib -L/lib/powerpc64le-linux-gnu -L/lib/../lib -L/usr/lib/powerpc64le-linux-gnu -L/usr/lib/../lib -L/usr/lib/gcc/powerpc64le-linux-gnu/7/../../.. CMakeFiles/cmTC_3bb55.dir/CMakeCUDACompilerABI.cu.o CMakeFiles/cmTC_3bb55.dir/cmake_device_link.o -lcudadevrt -lcudart_static -lrt -lpthread -ldl -lstdc++ -lm -lgcc_s -lgcc -lc -lgcc_s -lgcc /usr/lib/gcc/powerpc64le-linux-gnu/7/crtendS.o /usr/lib/gcc/powerpc64le-linux-gnu/7/../../../powerpc64le-linux-gnu/crtn.o
GNU ld (GNU Binutils for Ubuntu) 2.30
  Supported emulations:
   elf64lppc
   elf32lppc
   elf32lppclinux
   elf32lppcsim
   elf64ppc
   elf32ppc
   elf32ppclinux
   elf32ppcsim
COLLECT_GCC_OPTIONS='-v' '-o' 'cmTC_3bb55' '-L/usr/local/cuda-10.2/targets/ppc64le-linux/lib/stubs' '-L/usr/local/cuda-10.2/targets/ppc64le-linux/lib' '-shared-libgcc' '-mcpu=power8'
make[1]: Leaving directory '/home/jk/dev/C++NNFast/mat/bd/CMakeFiles/CMakeTmp'


Parsed CUDA implicit link information from above output:
  link line regex: [^( *|.*[/\])(ld|CMAKE_LINK_STARTFILE-NOTFOUND|([^/\]+-)?ld|collect2)[^/\]*( |$)]
  ignore line: [Change Dir: /home/jk/dev/C++NNFast/mat/bd/CMakeFiles/CMakeTmp]
  ignore line: []
  ignore line: [Run Build Command:"/usr/bin/make" "cmTC_3bb55/fast"]
  ignore line: [/usr/bin/make -f CMakeFiles/cmTC_3bb55.dir/build.make CMakeFiles/cmTC_3bb55.dir/build]
  ignore line: [make[1]: Entering directory '/home/jk/dev/C++NNFast/mat/bd/CMakeFiles/CMakeTmp']
  ignore line: [Building CUDA object CMakeFiles/cmTC_3bb55.dir/CMakeCUDACompilerABI.cu.o]
  ignore line: [/usr/local/cuda-10.2/bin/nvcc     -x cu -c /usr/share/cmake-3.10/Modules/CMakeCUDACompilerABI.cu -o CMakeFiles/cmTC_3bb55.dir/CMakeCUDACompilerABI.cu.o]
  ignore line: [Linking CUDA device code CMakeFiles/cmTC_3bb55.dir/cmake_device_link.o]
  ignore line: [/usr/bin/cmake -E cmake_link_script CMakeFiles/cmTC_3bb55.dir/dlink.txt --verbose=1]
  ignore line: [/usr/local/cuda-10.2/bin/nvcc     -Xcompiler=-fPIC -Wno-deprecated-gpu-targets -shared -dlink CMakeFiles/cmTC_3bb55.dir/CMakeCUDACompilerABI.cu.o -o CMakeFiles/cmTC_3bb55.dir/cmake_device_link.o ]
  ignore line: [Linking CUDA executable cmTC_3bb55]
  ignore line: [/usr/bin/cmake -E cmake_link_script CMakeFiles/cmTC_3bb55.dir/link.txt --verbose=1]
  ignore line: [/usr/bin/g++   -v CMakeFiles/cmTC_3bb55.dir/CMakeCUDACompilerABI.cu.o CMakeFiles/cmTC_3bb55.dir/cmake_device_link.o -o cmTC_3bb55  -L"/usr/local/cuda-10.2/targets/ppc64le-linux/lib/stubs" -L"/usr/local/cuda-10.2/targets/ppc64le-linux/lib" -lcudadevrt -lcudart_static -lrt -lpthread -ldl]
  ignore line: [Using built-in specs.]
  ignore line: [COLLECT_GCC=/usr/bin/g++]
  ignore line: [COLLECT_LTO_WRAPPER=/usr/lib/gcc/powerpc64le-linux-gnu/7/lto-wrapper]
  ignore line: [Target: powerpc64le-linux-gnu]
  ignore line: [Configured with: ../src/configure -v --with-pkgversion='Ubuntu 7.5.0-3ubuntu1~18.04' --with-bugurl=file:///usr/share/doc/gcc-7/README.Bugs --enable-languages=c,ada,c++,go,d,fortran,objc,obj-c++ --prefix=/usr --with-gcc-major-version-only --program-suffix=-7 --program-prefix=powerpc64le-linux-gnu- --enable-shared --enable-linker-build-id --libexecdir=/usr/lib --without-included-gettext --enable-threads=posix --libdir=/usr/lib --enable-nls --enable-bootstrap --enable-clocale=gnu --enable-libstdcxx-debug --enable-libstdcxx-time=yes --with-default-libstdcxx-abi=new --enable-gnu-unique-object --disable-libquadmath --disable-libquadmath-support --enable-plugin --enable-default-pie --with-system-zlib --enable-objc-gc=auto --enable-secureplt --with-cpu=power8 --enable-targets=powerpcle-linux --disable-multilib --enable-multiarch --disable-werror --with-long-double-128 --enable-checking=release --build=powerpc64le-linux-gnu --host=powerpc64le-linux-gnu --target=powerpc64le-linux-gnu]
  ignore line: [Thread model: posix]
  ignore line: [gcc version 7.5.0 (Ubuntu 7.5.0-3ubuntu1~18.04) ]
  ignore line: [COMPILER_PATH=/usr/lib/gcc/powerpc64le-linux-gnu/7/:/usr/lib/gcc/powerpc64le-linux-gnu/7/:/usr/lib/gcc/powerpc64le-linux-gnu/:/usr/lib/gcc/powerpc64le-linux-gnu/7/:/usr/lib/gcc/powerpc64le-linux-gnu/]
  ignore line: [LIBRARY_PATH=/usr/lib/gcc/powerpc64le-linux-gnu/7/:/usr/lib/gcc/powerpc64le-linux-gnu/7/../../../powerpc64le-linux-gnu/:/usr/lib/gcc/powerpc64le-linux-gnu/7/../../../../lib/:/lib/powerpc64le-linux-gnu/:/lib/../lib/:/usr/lib/powerpc64le-linux-gnu/:/usr/lib/../lib/:/usr/lib/gcc/powerpc64le-linux-gnu/7/../../../:/lib/:/usr/lib/]
  ignore line: [COLLECT_GCC_OPTIONS='-v' '-o' 'cmTC_3bb55' '-L/usr/local/cuda-10.2/targets/ppc64le-linux/lib/stubs' '-L/usr/local/cuda-10.2/targets/ppc64le-linux/lib' '-shared-libgcc' '-mcpu=power8']
  link line: [ /usr/lib/gcc/powerpc64le-linux-gnu/7/collect2 -plugin /usr/lib/gcc/powerpc64le-linux-gnu/7/liblto_plugin.so -plugin-opt=/usr/lib/gcc/powerpc64le-linux-gnu/7/lto-wrapper -plugin-opt=-fresolution=/tmp/ccDblgn0.res -plugin-opt=-pass-through=-lgcc_s -plugin-opt=-pass-through=-lgcc -plugin-opt=-pass-through=-lc -plugin-opt=-pass-through=-lgcc_s -plugin-opt=-pass-through=-lgcc --build-id --eh-frame-hdr -V -m elf64lppc --hash-style=gnu --as-needed -dynamic-linker /lib64/ld64.so.2 -pie -z now -z relro -o cmTC_3bb55 /usr/lib/gcc/powerpc64le-linux-gnu/7/../../../powerpc64le-linux-gnu/Scrt1.o /usr/lib/gcc/powerpc64le-linux-gnu/7/../../../powerpc64le-linux-gnu/crti.o /usr/lib/gcc/powerpc64le-linux-gnu/7/crtbeginS.o -L/usr/local/cuda-10.2/targets/ppc64le-linux/lib/stubs -L/usr/local/cuda-10.2/targets/ppc64le-linux/lib -L/usr/lib/gcc/powerpc64le-linux-gnu/7 -L/usr/lib/gcc/powerpc64le-linux-gnu/7/../../../powerpc64le-linux-gnu -L/usr/lib/gcc/powerpc64le-linux-gnu/7/../../../../lib -L/lib/powerpc64le-linux-gnu -L/lib/../lib -L/usr/lib/powerpc64le-linux-gnu -L/usr/lib/../lib -L/usr/lib/gcc/powerpc64le-linux-gnu/7/../../.. CMakeFiles/cmTC_3bb55.dir/CMakeCUDACompilerABI.cu.o CMakeFiles/cmTC_3bb55.dir/cmake_device_link.o -lcudadevrt -lcudart_static -lrt -lpthread -ldl -lstdc++ -lm -lgcc_s -lgcc -lc -lgcc_s -lgcc /usr/lib/gcc/powerpc64le-linux-gnu/7/crtendS.o /usr/lib/gcc/powerpc64le-linux-gnu/7/../../../powerpc64le-linux-gnu/crtn.o]
    arg [/usr/lib/gcc/powerpc64le-linux-gnu/7/collect2] ==> ignore
    arg [-plugin] ==> ignore
    arg [/usr/lib/gcc/powerpc64le-linux-gnu/7/liblto_plugin.so] ==> ignore
    arg [-plugin-opt=/usr/lib/gcc/powerpc64le-linux-gnu/7/lto-wrapper] ==> ignore
    arg [-plugin-opt=-fresolution=/tmp/ccDblgn0.res] ==> ignore
    arg [-plugin-opt=-pass-through=-lgcc_s] ==> ignore
    arg [-plugin-opt=-pass-through=-lgcc] ==> ignore
    arg [-plugin-opt=-pass-through=-lc] ==> ignore
    arg [-plugin-opt=-pass-through=-lgcc_s] ==> ignore
    arg [-plugin-opt=-pass-through=-lgcc] ==> ignore
    arg [--build-id] ==> ignore
    arg [--eh-frame-hdr] ==> ignore
    arg [-V] ==> ignore
    arg [-m] ==> ignore
    arg [elf64lppc] ==> ignore
    arg [--hash-style=gnu] ==> ignore
    arg [--as-needed] ==> ignore
    arg [-dynamic-linker] ==> ignore
    arg [/lib64/ld64.so.2] ==> ignore
    arg [-pie] ==> ignore
    arg [-znow] ==> ignore
    arg [-zrelro] ==> ignore
    arg [-o] ==> ignore
    arg [cmTC_3bb55] ==> ignore
    arg [/usr/lib/gcc/powerpc64le-linux-gnu/7/../../../powerpc64le-linux-gnu/Scrt1.o] ==> ignore
    arg [/usr/lib/gcc/powerpc64le-linux-gnu/7/../../../powerpc64le-linux-gnu/crti.o] ==> ignore
    arg [/usr/lib/gcc/powerpc64le-linux-gnu/7/crtbeginS.o] ==> ignore
    arg [-L/usr/local/cuda-10.2/targets/ppc64le-linux/lib/stubs] ==> dir [/usr/local/cuda-10.2/targets/ppc64le-linux/lib/stubs]
    arg [-L/usr/local/cuda-10.2/targets/ppc64le-linux/lib] ==> dir [/usr/local/cuda-10.2/targets/ppc64le-linux/lib]
    arg [-L/usr/lib/gcc/powerpc64le-linux-gnu/7] ==> dir [/usr/lib/gcc/powerpc64le-linux-gnu/7]
    arg [-L/usr/lib/gcc/powerpc64le-linux-gnu/7/../../../powerpc64le-linux-gnu] ==> dir [/usr/lib/gcc/powerpc64le-linux-gnu/7/../../../powerpc64le-linux-gnu]
    arg [-L/usr/lib/gcc/powerpc64le-linux-gnu/7/../../../../lib] ==> dir [/usr/lib/gcc/powerpc64le-linux-gnu/7/../../../../lib]
    arg [-L/lib/powerpc64le-linux-gnu] ==> dir [/lib/powerpc64le-linux-gnu]
    arg [-L/lib/../lib] ==> dir [/lib/../lib]
    arg [-L/usr/lib/powerpc64le-linux-gnu] ==> dir [/usr/lib/powerpc64le-linux-gnu]
    arg [-L/usr/lib/../lib] ==> dir [/usr/lib/../lib]
    arg [-L/usr/lib/gcc/powerpc64le-linux-gnu/7/../../..] ==> dir [/usr/lib/gcc/powerpc64le-linux-gnu/7/../../..]
    arg [CMakeFiles/cmTC_3bb55.dir/CMakeCUDACompilerABI.cu.o] ==> ignore
    arg [CMakeFiles/cmTC_3bb55.dir/cmake_device_link.o] ==> ignore
    arg [-lcudadevrt] ==> lib [cudadevrt]
    arg [-lcudart_static] ==> lib [cudart_static]
    arg [-lrt] ==> lib [rt]
    arg [-lpthread] ==> lib [pthread]
    arg [-ldl] ==> lib [dl]
    arg [-lstdc++] ==> lib [stdc++]
    arg [-lm] ==> lib [m]
    arg [-lgcc_s] ==> lib [gcc_s]
    arg [-lgcc] ==> lib [gcc]
    arg [-lc] ==> lib [c]
    arg [-lgcc_s] ==> lib [gcc_s]
    arg [-lgcc] ==> lib [gcc]
    arg [/usr/lib/gcc/powerpc64le-linux-gnu/7/crtendS.o] ==> ignore
    arg [/usr/lib/gcc/powerpc64le-linux-gnu/7/../../../powerpc64le-linux-gnu/crtn.o] ==> ignore
  collapse library dir [/usr/local/cuda-10.2/targets/ppc64le-linux/lib/stubs] ==> [/usr/local/cuda-10.2/targets/ppc64le-linux/lib/stubs]
  collapse library dir [/usr/local/cuda-10.2/targets/ppc64le-linux/lib] ==> [/usr/local/cuda-10.2/targets/ppc64le-linux/lib]
  collapse library dir [/usr/lib/gcc/powerpc64le-linux-gnu/7] ==> [/usr/lib/gcc/powerpc64le-linux-gnu/7]
  collapse library dir [/usr/lib/gcc/powerpc64le-linux-gnu/7/../../../powerpc64le-linux-gnu] ==> [/usr/lib/powerpc64le-linux-gnu]
  collapse library dir [/usr/lib/gcc/powerpc64le-linux-gnu/7/../../../../lib] ==> [/usr/lib]
  collapse library dir [/lib/powerpc64le-linux-gnu] ==> [/lib/powerpc64le-linux-gnu]
  collapse library dir [/lib/../lib] ==> [/lib]
  collapse library dir [/usr/lib/powerpc64le-linux-gnu] ==> [/usr/lib/powerpc64le-linux-gnu]
  collapse library dir [/usr/lib/../lib] ==> [/usr/lib]
  collapse library dir [/usr/lib/gcc/powerpc64le-linux-gnu/7/../../..] ==> [/usr/lib]
  implicit libs: [cudadevrt;cudart_static;rt;pthread;dl;stdc++;m;gcc_s;gcc;c;gcc_s;gcc]
  implicit dirs: [/usr/local/cuda-10.2/targets/ppc64le-linux/lib/stubs;/usr/local/cuda-10.2/targets/ppc64le-linux/lib;/usr/lib/gcc/powerpc64le-linux-gnu/7;/usr/lib/powerpc64le-linux-gnu;/usr/lib;/lib/powerpc64le-linux-gnu;/lib]
  implicit fwks: []


